This is LuaHBTeX, Version 1.18.0 (TeX Live 2024)  (format=lualatex 2024.6.19)  5 JUL 2024 13:59
 restricted system commands enabled.
**Eadui_v3_specimen_and_guide.tex
(./Eadui_v3_specimen_and_guide.tex
LaTeX2e <2024-06-01> patch level 1
L3 programming layer <2024-05-27>
Lua module: luaotfload 2024-02-14 3.28 Lua based OpenType font support
Lua module: lualibs 2023-07-13 2.76 ConTeXt Lua standard libraries.
Lua module: lualibs-extended 2023-07-13 2.76 ConTeXt Lua libraries -- extended c
ollection.
luaotfload | conf : Root cache directory is "/Users/peterbaker/Library/texlive/2
024/texmf-var/luatex-cache/generic/names".
luaotfload | init : Loading fontloader "fontloader-2023-12-28.lua" from kpse-res
olved path "/usr/local/texlive/2024/texmf-dist/tex/luatex/luaotfload/fontloader-
2023-12-28.lua".
Lua-only attribute luaotfload@noligature = 1
luaotfload | init : Context OpenType loader version 3.134
Inserting `luaotfload.node_processor' in `pre_linebreak_filter'.
Inserting `luaotfload.node_processor' in `hpack_filter'.
Inserting `luaotfload.glyph_stream' in `glyph_stream_provider'.
Inserting `luaotfload.define_font' in `define_font'.
Lua-only attribute luaotfload_color_attribute = 2
luaotfload | conf : Root cache directory is "/Users/peterbaker/Library/texlive/2
024/texmf-var/luatex-cache/generic/names".
Inserting `luaotfload.harf.strip_prefix' in `find_opentype_file'.
Inserting `luaotfload.harf.strip_prefix' in `find_truetype_file'.
Removing  `luaotfload.glyph_stream' from `glyph_stream_provider'.
Inserting `luaotfload.harf.glyphstream' in `glyph_stream_provider'.
Inserting `luaotfload.harf.finalize_vlist' in `post_linebreak_filter'.
Inserting `luaotfload.harf.finalize_hlist' in `hpack_filter'.
Inserting `luaotfload.cleanup_files' in `wrapup_run'.
Inserting `luaotfload.harf.finalize_unicode' in `finish_pdffile'.
Inserting `luaotfload.glyphinfo' in `glyph_info'.
Lua-only attribute luaotfload.letterspace_done = 3
Inserting `luaotfload.aux.set_sscale_dimens' in `luaotfload.patch_font'.
Inserting `luaotfload.aux.set_font_index' in `luaotfload.patch_font'.
Inserting `luaotfload.aux.patch_cambria_domh' in `luaotfload.patch_font'.
Inserting `luaotfload.aux.fixup_fontdata' in `luaotfload.patch_font_unsafe'.
Inserting `luaotfload.aux.set_capheight' in `luaotfload.patch_font'.
Inserting `luaotfload.aux.set_xheight' in `luaotfload.patch_font'.
Inserting `luaotfload.rewrite_fontname' in `luaotfload.patch_font'.
Inserting `tracingstacklevels' in `input_level_string'. (/usr/local/texlive/202
4/texmf-dist/tex/latex/base/book.cls
Document Class: book 2024/02/08 v1.4n Standard LaTeX document class
(/usr/local/texlive/2024/texmf-dist/tex/latex/base/bk11.clo
File: bk11.clo 2024/02/08 v1.4n Standard LaTeX file (size option)
luaotfload | db : Font names database loaded from /Users/peterbaker/Library/texl
ive/2024/texmf-var/luatex-cache/generic/names/luaotfload-names.luc.gz)
\c@part=\count192
\c@chapter=\count193
\c@section=\count194
\c@subsection=\count195
\c@subsubsection=\count196
\c@paragraph=\count197
\c@subparagraph=\count198
\c@figure=\count199
\c@table=\count266
\abovecaptionskip=\skip49
\belowcaptionskip=\skip50
\bibindent=\dimen140
)
(/usr/local/texlive/2024/texmf-dist/tex/latex/fontspec/fontspec.sty
(/usr/local/texlive/2024/texmf-dist/tex/latex/l3packages/xparse/xparse.sty
(/usr/local/texlive/2024/texmf-dist/tex/latex/l3kernel/expl3.sty
Package: expl3 2024-05-27 L3 programming layer (loader) 

(/usr/local/texlive/2024/texmf-dist/tex/latex/l3backend/l3backend-luatex.def
File: l3backend-luatex.def 2024-05-08 L3 backend support: PDF output (LuaTeX)
\l__color_backend_stack_int=\count267
Inserting `l3color' in `luaotfload.parse_color'.
\l__pdf_internal_box=\box52
))
Package: xparse 2024-05-08 L3 Experimental document command parser
)
Package: fontspec 2024/05/11 v2.9e Font selection for XeLaTeX and LuaLaTeX
Lua module: fontspec 2024/05/11 2.9e Font selection for XeLaTeX and LuaLaTeX (/
usr/local/texlive/2024/texmf-dist/tex/latex/fontspec/fontspec-luatex.sty
Package: fontspec-luatex 2024/05/11 v2.9e Font selection for XeLaTeX and LuaLaT
eX
\l__fontspec_script_int=\count268
\l__fontspec_language_int=\count269
\l__fontspec_strnum_int=\count270
\l__fontspec_tmp_int=\count271
\l__fontspec_tmpa_int=\count272
\l__fontspec_tmpb_int=\count273
\l__fontspec_tmpc_int=\count274
\l__fontspec_em_int=\count275
\l__fontspec_emdef_int=\count276
\l__fontspec_strong_int=\count277
\l__fontspec_strongdef_int=\count278
\l__fontspec_tmpa_dim=\dimen141
\l__fontspec_tmpb_dim=\dimen142
\l__fontspec_tmpc_dim=\dimen143

(/usr/local/texlive/2024/texmf-dist/tex/latex/base/fontenc.sty
Package: fontenc 2021/04/29 v2.0v Standard LaTeX package
)
(/usr/local/texlive/2024/texmf-dist/tex/latex/fontspec/fontspec.cfg)))
luaotfload | cache : Lookup cache loaded from /Users/peterbaker/Library/texlive/
2024/texmf-var/luatex-cache/generic/names/luaotfload-lookup-cache.luc.

Package fontspec Info: 
(fontspec)             Could not resolve font "Eadui/BI" (it probably doesn't
(fontspec)             exist).


Package fontspec Info: 
(fontspec)             Could not resolve font "Eadui/B" (it probably doesn't
(fontspec)             exist).


Package fontspec Info: 
(fontspec)             Could not resolve font "Eadui/I" (it probably doesn't
(fontspec)             exist).


Package fontspec Info: 
(fontspec)             Font family 'Eadui(0)' created for font 'Eadui' with
(fontspec)             options
(fontspec)             [Ligatures=TeX,Contextual=on,Ligatures=TeX,Renderer=Harf
buzz].
(fontspec)              
(fontspec)              This font family consists of the following NFSS
(fontspec)             series/shapes:
(fontspec)              
(fontspec)             - 'normal' (m/n) with NFSS spec.:
(fontspec)             <->"name:Eadui:mode=harf;script=latn;language=dflt;+tlig
;"
(fontspec)             - 'small caps'  (m/sc) with NFSS spec.:
(fontspec)             <->"name:Eadui:mode=harf;script=latn;language=dflt;+tlig
;+smcp;"


Package fontspec Info: 
(fontspec)             Font family 'Irradiant-Regular.otf(0)' created for font
(fontspec)             'Irradiant-Regular.otf' with options
(fontspec)             [Ligatures=TeX,Contextual=on,BoldFont={},ItalicFont={},S
mallCapsFont={},Renderer=Harfbuzz].
(fontspec)              
(fontspec)              This font family consists of the following NFSS
(fontspec)             series/shapes:
(fontspec)              
(fontspec)             - 'normal' (m/n) with NFSS spec.:
(fontspec)             <->"[Irradiant-Regular.otf]:mode=harf;script=latn;langua
ge=dflt;+tlig;"


Package fontspec Info: 
(fontspec)             Font family 'Irradiant-Regular.otf(1)' created for font
(fontspec)             'Irradiant-Regular.otf' with options
(fontspec)             [Ligatures=TeX,Contextual=on,BoldFont={},ItalicFont={},S
mallCapsFont={},Renderer=Harfbuzz,Letters=SmallCaps].
(fontspec)              
(fontspec)              This font family consists of the following NFSS
(fontspec)             series/shapes:
(fontspec)              
(fontspec)             - 'normal' (m/n) with NFSS spec.:
(fontspec)             <->"[Irradiant-Regular.otf]:mode=harf;script=latn;langua
ge=dflt;+tlig;+smcp;"


Package fontspec Info: 
(fontspec)             Font family 'Irradiant-Italic.otf(0)' created for font
(fontspec)             'Irradiant-Italic.otf' with options
(fontspec)             [Ligatures=TeX,Contextual=on,BoldFont={},ItalicFont={},S
mallCapsFont={},Renderer=Harfbuzz].
(fontspec)              
(fontspec)              This font family consists of the following NFSS
(fontspec)             series/shapes:
(fontspec)              
(fontspec)             - 'normal' (m/n) with NFSS spec.:
(fontspec)             <->"[Irradiant-Italic.otf]:mode=harf;script=latn;languag
e=dflt;+tlig;"


(/usr/local/texlive/2024/texmf-dist/tex/latex/geometry/geometry.sty
Package: geometry 2020/01/02 v5.9 Page Geometry

(/usr/local/texlive/2024/texmf-dist/tex/latex/graphics/keyval.sty
Package: keyval 2022/05/29 v1.15 key=value parser (DPC)
\KV@toks@=\toks17
)
(/usr/local/texlive/2024/texmf-dist/tex/generic/iftex/ifvtex.sty
Package: ifvtex 2019/10/25 v1.7 ifvtex legacy package. Use iftex instead.

(/usr/local/texlive/2024/texmf-dist/tex/generic/iftex/iftex.sty
Package: iftex 2022/02/03 v1.0f TeX engine tests
))
\Gm@cnth=\count279
\Gm@cntv=\count280
\c@Gm@tempcnt=\count281
\Gm@bindingoffset=\dimen144
\Gm@wd@mp=\dimen145
\Gm@odd@mp=\dimen146
\Gm@even@mp=\dimen147
\Gm@layoutwidth=\dimen148
\Gm@layoutheight=\dimen149
\Gm@layouthoffset=\dimen150
\Gm@layoutvoffset=\dimen151
\Gm@dimlist=\toks18
)
(/usr/local/texlive/2024/texmf-dist/tex/xelatex/xltxtra/xltxtra.sty
Package: xltxtra 2018/12/31 v0.7 Improvements for the "XeLaTeX" format

(/usr/local/texlive/2024/texmf-dist/tex/generic/iftex/ifluatex.sty
Package: ifluatex 2019/10/25 v1.5 ifluatex legacy package. Use iftex instead.
)

Package xltxtra Warning: 
 XLTXTRA IS TO BE USED ONLY UNDER XETEX. LOAD FONTSPEC DIRECTLY, INSTEAD.
 ABORTING LOADING.

) (/usr/local/texlive/2024/texmf-dist/tex/latex/fancyhdr/fancyhdr.sty
Package: fancyhdr 2024/04/23 v4.2 Extensive control of page headers and footers

\f@nch@headwidth=\skip51
\f@nch@O@elh=\skip52
\f@nch@O@erh=\skip53
\f@nch@O@olh=\skip54
\f@nch@O@orh=\skip55
\f@nch@O@elf=\skip56
\f@nch@O@erf=\skip57
\f@nch@O@olf=\skip58
\f@nch@O@orf=\skip59
)
(/usr/local/texlive/2024/texmf-dist/tex/latex/lettrine/lettrine.sty
File: lettrine.sty 2024-01-20 v2.60 (Daniel Flipo)

(/usr/local/texlive/2024/texmf-dist/tex/latex/l3packages/xfp/xfp.sty
Package: xfp 2024-05-08 L3 Floating point unit
)
\c@DefaultLines=\count282
\c@DefaultDepth=\count283
\DefaultFindent=\dimen152
\DefaultNindent=\dimen153
\DefaultSlope=\dimen154
\DiscardVskip=\dimen155
\L@lettrine=\box53
\L@lbox=\box54
\L@tbox=\box55
\c@L@lines=\count284
\c@L@depth=\count285
\L@Pindent=\dimen156
\L@Findent=\dimen157
\L@Nindent=\dimen158
\L@lraise=\dimen159
\L@first=\dimen160
\L@next=\dimen161
\L@slope=\dimen162
\L@height=\dimen163
\L@novskip=\dimen164
\L@ruleht=\dimen165
\L@target@ht=\dimen166
\L@target@dp=\dimen167
\L@target@tht=\dimen168
\LettrineWidth=\dimen169
\LettrineHeight=\dimen170
\LettrineDepth=\dimen171

Loading lettrine.cfg
(/usr/local/texlive/2024/texmf-dist/tex/latex/lettrine/lettrine.cfg)
\Llist@everypar=\toks19
)
(/usr/local/texlive/2024/texmf-dist/tex/latex/lcg/lcg.sty
Package: lcg 2013/08/09 v1.3 generating random numbers
\f@rst=\count286
\l@st=\count287
\cr@nd=\count288

Random number generator initialized to 240
\c@rand=\count289
Smallest possible random number: 0
Largest possible random number: 10
The pseudo random numbers will be stored in the LaTeX counter `rand'
) (/usr/local/texlive/2024/texmf-dist/tex/latex/wallpaper/wallpaper.sty
Package: wallpaper 2005/01/18, v1.01 easy wallpaper formatting (MHFW)

(/usr/local/texlive/2024/texmf-dist/tex/latex/base/ifthen.sty
Package: ifthen 2024/03/16 v1.1e Standard LaTeX ifthen package (DPC)
)
(/usr/local/texlive/2024/texmf-dist/tex/latex/tools/calc.sty
Package: calc 2023/07/08 v4.3 Infix arithmetic (KKT,FJ)
\calc@Acount=\count290
\calc@Bcount=\count291
\calc@Adimen=\dimen172
\calc@Bdimen=\dimen173
\calc@Askip=\skip60
\calc@Bskip=\skip61
LaTeX Info: Redefining \setlength on input line 80.
LaTeX Info: Redefining \addtolength on input line 81.
\calc@Ccount=\count292
\calc@Cskip=\skip62
)
(/usr/local/texlive/2024/texmf-dist/tex/latex/eso-pic/eso-pic.sty
Package: eso-pic 2023/05/03 v3.0c eso-pic (RN)
\ESO@tempdima=\dimen174
\ESO@tempdimb=\dimen175

(/usr/local/texlive/2024/texmf-dist/tex/latex/xcolor/xcolor.sty
Package: xcolor 2023/11/15 v3.01 LaTeX color extensions (UK)

(/usr/local/texlive/2024/texmf-dist/tex/latex/graphics-cfg/color.cfg
File: color.cfg 2016/01/02 v1.6 sample color configuration
)
Package xcolor Info: Driver file: luatex.def on input line 274.

(/usr/local/texlive/2024/texmf-dist/tex/latex/graphics-def/luatex.def
File: luatex.def 2024/04/13 v1.2e Graphics/color driver for luatex
)
(/usr/local/texlive/2024/texmf-dist/tex/latex/graphics/mathcolor.ltx)
Package xcolor Info: Model `cmy' substituted by `cmy0' on input line 1350.
Package xcolor Info: Model `hsb' substituted by `rgb' on input line 1354.
Package xcolor Info: Model `RGB' extended on input line 1366.
Package xcolor Info: Model `HTML' substituted by `rgb' on input line 1368.
Package xcolor Info: Model `Hsb' substituted by `hsb' on input line 1369.
Package xcolor Info: Model `tHsb' substituted by `hsb' on input line 1370.
Package xcolor Info: Model `HSB' substituted by `hsb' on input line 1371.
Package xcolor Info: Model `Gray' substituted by `gray' on input line 1372.
Package xcolor Info: Model `wave' substituted by `hsb' on input line 1373.
))
(/usr/local/texlive/2024/texmf-dist/tex/latex/graphics/graphicx.sty
Package: graphicx 2021/09/16 v1.2d Enhanced LaTeX Graphics (DPC,SPQR)

(/usr/local/texlive/2024/texmf-dist/tex/latex/graphics/graphics.sty
Package: graphics 2024/05/23 v1.4g Standard LaTeX Graphics (DPC,SPQR)

(/usr/local/texlive/2024/texmf-dist/tex/latex/graphics/trig.sty
Package: trig 2023/12/02 v1.11 sin cos tan (DPC)
)
(/usr/local/texlive/2024/texmf-dist/tex/latex/graphics-cfg/graphics.cfg
File: graphics.cfg 2016/06/04 v1.11 sample graphics configuration
)
Package graphics Info: Driver file: luatex.def on input line 106.
)
\Gin@req@height=\dimen176
\Gin@req@width=\dimen177
)
\wpXoffset=\skip63
\wpYoffset=\skip64
\tileXoffset=\skip65
\tileYoffset=\skip66
\tilewidth=\skip67
\tileheight=\skip68
\tileX=\skip69
\tileY=\skip70
)
(./Eadui_v3_specimen_and_guide.aux)
\openout1 = Eadui_v3_specimen_and_guide.aux

LaTeX Font Info:    Checking defaults for OML/cmm/m/it on input line 101.
LaTeX Font Info:    ... okay on input line 101.
LaTeX Font Info:    Checking defaults for OMS/cmsy/m/n on input line 101.
LaTeX Font Info:    ... okay on input line 101.
LaTeX Font Info:    Checking defaults for OT1/cmr/m/n on input line 101.
LaTeX Font Info:    ... okay on input line 101.
LaTeX Font Info:    Checking defaults for T1/cmr/m/n on input line 101.
LaTeX Font Info:    ... okay on input line 101.
LaTeX Font Info:    Checking defaults for TS1/cmr/m/n on input line 101.
LaTeX Font Info:    Trying to load font information for TS1+cmr on input line 1
01.

(/usr/local/texlive/2024/texmf-dist/tex/latex/base/ts1cmr.fd
File: ts1cmr.fd 2023/04/13 v2.5m Standard LaTeX font definitions
)
LaTeX Font Info:    ... okay on input line 101.
LaTeX Font Info:    Checking defaults for TU/lmr/m/n on input line 101.
LaTeX Font Info:    ... okay on input line 101.
LaTeX Font Info:    Checking defaults for OMX/cmex/m/n on input line 101.
LaTeX Font Info:    ... okay on input line 101.
LaTeX Font Info:    Checking defaults for U/cmr/m/n on input line 101.
LaTeX Font Info:    ... okay on input line 101.

Package fontspec Info: 
(fontspec)             Adjusting the maths setup (use [no-math] to avoid
(fontspec)             this).

\symlegacymaths=\mathgroup4
LaTeX Font Info:    Overwriting symbol font `legacymaths' in version `bold'
(Font)                  OT1/cmr/m/n --> OT1/cmr/bx/n on input line 101.
LaTeX Font Info:    Redeclaring math accent \acute on input line 101.
LaTeX Font Info:    Redeclaring math accent \grave on input line 101.
LaTeX Font Info:    Redeclaring math accent \ddot on input line 101.
LaTeX Font Info:    Redeclaring math accent \tilde on input line 101.
LaTeX Font Info:    Redeclaring math accent \bar on input line 101.
LaTeX Font Info:    Redeclaring math accent \breve on input line 101.
LaTeX Font Info:    Redeclaring math accent \check on input line 101.
LaTeX Font Info:    Redeclaring math accent \hat on input line 101.
LaTeX Font Info:    Redeclaring math accent \dot on input line 101.
LaTeX Font Info:    Redeclaring math accent \mathring on input line 101.
LaTeX Font Info:    Redeclaring math symbol \colon on input line 101.
LaTeX Font Info:    Redeclaring math symbol \Gamma on input line 101.
LaTeX Font Info:    Redeclaring math symbol \Delta on input line 101.
LaTeX Font Info:    Redeclaring math symbol \Theta on input line 101.
LaTeX Font Info:    Redeclaring math symbol \Lambda on input line 101.
LaTeX Font Info:    Redeclaring math symbol \Xi on input line 101.
LaTeX Font Info:    Redeclaring math symbol \Pi on input line 101.
LaTeX Font Info:    Redeclaring math symbol \Sigma on input line 101.
LaTeX Font Info:    Redeclaring math symbol \Upsilon on input line 101.
LaTeX Font Info:    Redeclaring math symbol \Phi on input line 101.
LaTeX Font Info:    Redeclaring math symbol \Psi on input line 101.
LaTeX Font Info:    Redeclaring math symbol \Omega on input line 101.
LaTeX Font Info:    Redeclaring math symbol \mathdollar on input line 101.
LaTeX Font Info:    Redeclaring symbol font `operators' on input line 101.
LaTeX Font Info:    Encoding `OT1' has changed to `TU' for symbol font
(Font)              `operators' in the math version `normal' on input line 101.

LaTeX Font Info:    Overwriting symbol font `operators' in version `normal'
(Font)                  OT1/cmr/m/n --> TU/Eadui(0)/m/n on input line 101.
LaTeX Font Info:    Encoding `OT1' has changed to `TU' for symbol font
(Font)              `operators' in the math version `bold' on input line 101.
LaTeX Font Info:    Overwriting symbol font `operators' in version `bold'
(Font)                  OT1/cmr/bx/n --> TU/Eadui(0)/m/n on input line 101.
LaTeX Font Info:    Overwriting symbol font `operators' in version `normal'
(Font)                  TU/Eadui(0)/m/n --> TU/Eadui(0)/m/n on input line 101.
LaTeX Font Info:    Overwriting math alphabet `\mathit' in version `normal'
(Font)                  OT1/cmr/m/it --> TU/Eadui(0)/m/it on input line 101.
LaTeX Font Info:    Overwriting math alphabet `\mathbf' in version `normal'
(Font)                  OT1/cmr/bx/n --> TU/Eadui(0)/b/n on input line 101.
LaTeX Font Info:    Overwriting math alphabet `\mathsf' in version `normal'
(Font)                  OT1/cmss/m/n --> TU/lmss/m/n on input line 101.
LaTeX Font Info:    Overwriting math alphabet `\mathtt' in version `normal'
(Font)                  OT1/cmtt/m/n --> TU/lmtt/m/n on input line 101.
LaTeX Font Info:    Overwriting symbol font `operators' in version `bold'
(Font)                  TU/Eadui(0)/m/n --> TU/Eadui(0)/b/n on input line 101.
LaTeX Font Info:    Overwriting math alphabet `\mathit' in version `bold'
(Font)                  OT1/cmr/bx/it --> TU/Eadui(0)/b/it on input line 101.
LaTeX Font Info:    Overwriting math alphabet `\mathsf' in version `bold'
(Font)                  OT1/cmss/bx/n --> TU/lmss/b/n on input line 101.
LaTeX Font Info:    Overwriting math alphabet `\mathtt' in version `bold'
(Font)                  OT1/cmtt/m/n --> TU/lmtt/b/n on input line 101.

*geometry* driver: auto-detecting
*geometry* detected driver: luatex
*geometry* verbose mode - [ preamble ] result:
* driver: luatex
* paper: letterpaper
* layout: <same size as paper>
* layoutoffset:(h,v)=(0.0pt,0.0pt)
* modes: twoside 
* h-part:(L,W,R)=(135.8675pt, 274.6262pt, 203.8013pt)
* v-part:(T,H,B)=(117.18799pt, 502.0pt, 175.782pt)
* \paperwidth=614.295pt
* \paperheight=794.96999pt
* \textwidth=274.6262pt
* \textheight=502.0pt
* \oddsidemargin=63.5975pt
* \evensidemargin=131.53131pt
* \topmargin=20.918pt
* \headheight=12.0pt
* \headsep=12.0pt
* \topskip=11.0pt
* \footskip=27.46295pt
* \marginparwidth=116.0pt
* \marginparsep=7.0pt
* \columnsep=10.0pt
* \skip\footins=10.0pt plus 4.0pt minus 2.0pt
* \hoffset=0.0pt
* \voffset=0.0pt
* \mag=1000
* \@twocolumnfalse
* \@twosidetrue
* \@mparswitchtrue
* \@reversemarginfalse
* (1in=72.27pt=25.4mm, 1cm=28.453pt)

(/usr/local/texlive/2024/texmf-dist/tex/context/base/mkii/supp-pdf.mkii
[Loading MPS to PDF converter (version 2006.09.02).]
\scratchcounter=\count293
\scratchdimen=\dimen178
\scratchbox=\box56
\nofMPsegments=\count294
\nofMParguments=\count295
\everyMPshowfont=\toks20
\MPscratchCnt=\count296
\MPscratchDim=\dimen179
\MPnumerator=\count297
\makeMPintoPDFobject=\count298
\everyMPtoPDFconversion=\toks21
) (/usr/local/texlive/2024/texmf-dist/tex/latex/epstopdf-pkg/epstopdf-base.sty
Package: epstopdf-base 2020-01-24 v2.11 Base part for package epstopdf
Package epstopdf-base Info: Redefining graphics rule for `.eps' on input line 4
85.

(/usr/local/texlive/2024/texmf-dist/tex/latex/latexconfig/epstopdf-sys.cfg
File: epstopdf-sys.cfg 2010/07/13 v1.3 Configuration of (r)epstopdf for TeX Liv
e
))

Package fontspec Info: 
(fontspec)             Could not resolve font "Eadui/BI" (it probably doesn't
(fontspec)             exist).


Package fontspec Info: 
(fontspec)             Could not resolve font "Eadui/B" (it probably doesn't
(fontspec)             exist).


Package fontspec Info: 
(fontspec)             Could not resolve font "Eadui/I" (it probably doesn't
(fontspec)             exist).


Package fontspec Info: 
(fontspec)             Font family 'Eadui(1)' created for font 'Eadui' with
(fontspec)             options
(fontspec)             [Ligatures=TeX,Contextual=on,Ligatures=TeX,Renderer=Harf
buzz,StylisticSet=18].
(fontspec)              
(fontspec)              This font family consists of the following NFSS
(fontspec)             series/shapes:
(fontspec)              
(fontspec)             - 'normal' (m/n) with NFSS spec.:
(fontspec)             <->"name:Eadui:mode=harf;script=latn;language=dflt;+calt
;+tlig;+ss18;"
(fontspec)             - 'small caps'  (m/sc) with NFSS spec.:
(fontspec)             <->"name:Eadui:mode=harf;script=latn;language=dflt;+calt
;+tlig;+ss18;+smcp;"

Package lettrine.sty Info: Targeted height = 43.21416pt
(lettrine.sty)             (for loversize=0, accent excluded),
(lettrine.sty)             Lettrine height = 43.01953pt (\addfontfeature {Styli
sticSet=18}E) loversize=0.1;
(lettrine.sty)             reported on input line 106.

Package fontspec Info: 
(fontspec)             Could not resolve font "Eadui/BI" (it probably doesn't
(fontspec)             exist).


Package fontspec Info: 
(fontspec)             Could not resolve font "Eadui/B" (it probably doesn't
(fontspec)             exist).


Package fontspec Info: 
(fontspec)             Could not resolve font "Eadui/I" (it probably doesn't
(fontspec)             exist).


Package fontspec Info: 
(fontspec)             Font family 'Eadui(2)' created for font 'Eadui' with
(fontspec)             options
(fontspec)             [Ligatures=TeX,Contextual=on,Ligatures=TeX,Renderer=Harf
buzz,Style=TitlingCaps,StylisticSet=5].
(fontspec)              
(fontspec)              This font family consists of the following NFSS
(fontspec)             series/shapes:
(fontspec)              
(fontspec)             - 'normal' (m/n) with NFSS spec.:
(fontspec)             <->"name:Eadui:mode=harf;script=latn;language=dflt;+calt
;+tlig;+titl;+ss05;"
(fontspec)             - 'small caps'  (m/sc) with NFSS spec.:
(fontspec)             <->"name:Eadui:mode=harf;script=latn;language=dflt;+calt
;+tlig;+titl;+ss05;+smcp;"


Package fontspec Info: 
(fontspec)             Could not resolve font "Eadui/BI" (it probably doesn't
(fontspec)             exist).


Package fontspec Info: 
(fontspec)             Could not resolve font "Eadui/B" (it probably doesn't
(fontspec)             exist).


Package fontspec Info: 
(fontspec)             Could not resolve font "Eadui/I" (it probably doesn't
(fontspec)             exist).


Package fontspec Info: 
(fontspec)             Font family 'Eadui(3)' created for font 'Eadui' with
(fontspec)             options
(fontspec)             [Ligatures=TeX,Contextual=on,Ligatures=TeX,Renderer=Harf
buzz,StylisticSet=11].
(fontspec)              
(fontspec)              This font family consists of the following NFSS
(fontspec)             series/shapes:
(fontspec)              
(fontspec)             - 'normal' (m/n) with NFSS spec.:
(fontspec)             <->"name:Eadui:mode=harf;script=latn;language=dflt;+calt
;+tlig;+ss11;"
(fontspec)             - 'small caps'  (m/sc) with NFSS spec.:
(fontspec)             <->"name:Eadui:mode=harf;script=latn;language=dflt;+calt
;+tlig;+ss11;+smcp;"

LaTeX Font Info:    External font `cmex10' loaded for size
(Font)              <14.4> on input line 111.
LaTeX Font Info:    External font `cmex10' loaded for size
(Font)              <7> on input line 111.
LaTeX Font Info:    External font `cmex10' loaded for size
(Font)              <9> on input line 113.
LaTeX Font Info:    External font `cmex10' loaded for size
(Font)              <6> on input line 113.
LaTeX Font Info:    External font `cmex10' loaded for size
(Font)              <5> on input line 113.

Package fontspec Info: 
(fontspec)             Could not resolve font "Eadui/BI" (it probably doesn't
(fontspec)             exist).


Package fontspec Info: 
(fontspec)             Could not resolve font "Eadui/B" (it probably doesn't
(fontspec)             exist).


Package fontspec Info: 
(fontspec)             Could not resolve font "Eadui/I" (it probably doesn't
(fontspec)             exist).


Package fontspec Info: 
(fontspec)             Font family 'Eadui(4)' created for font 'Eadui' with
(fontspec)             options
(fontspec)             [Ligatures=TeX,Contextual=on,Ligatures=TeX,Renderer=Harf
buzz,StylisticSet=20].
(fontspec)              
(fontspec)              This font family consists of the following NFSS
(fontspec)             series/shapes:
(fontspec)              
(fontspec)             - 'normal' (m/n) with NFSS spec.:
(fontspec)             <->"name:Eadui:mode=harf;script=latn;language=dflt;+calt
;+tlig;+ss20;"
(fontspec)             - 'small caps'  (m/sc) with NFSS spec.:
(fontspec)             <->"name:Eadui:mode=harf;script=latn;language=dflt;+calt
;+tlig;+ss20;+smcp;"


Package fontspec Info: 
(fontspec)             Could not resolve font "Eadui/BI" (it probably doesn't
(fontspec)             exist).


Package fontspec Info: 
(fontspec)             Could not resolve font "Eadui/B" (it probably doesn't
(fontspec)             exist).


Package fontspec Info: 
(fontspec)             Could not resolve font "Eadui/I" (it probably doesn't
(fontspec)             exist).


Package fontspec Info: 
(fontspec)             Font family 'Eadui(5)' created for font 'Eadui' with
(fontspec)             options
(fontspec)             [Ligatures=TeX,Contextual=on,Ligatures=TeX,Renderer=Harf
buzz,Style=TitlingCaps,AltCaps=on].
(fontspec)              
(fontspec)              This font family consists of the following NFSS
(fontspec)             series/shapes:
(fontspec)              
(fontspec)             - 'normal' (m/n) with NFSS spec.:
(fontspec)             <->"name:Eadui:mode=harf;script=latn;language=dflt;+calt
;+tlig;+titl;+ss12;"
(fontspec)             - 'small caps'  (m/sc) with NFSS spec.:
(fontspec)             <->"name:Eadui:mode=harf;script=latn;language=dflt;+calt
;+tlig;+titl;+ss12;+smcp;"


Package fontspec Info: 
(fontspec)             Could not resolve font "Eadui/BI" (it probably doesn't
(fontspec)             exist).


Package fontspec Info: 
(fontspec)             Could not resolve font "Eadui/B" (it probably doesn't
(fontspec)             exist).


Package fontspec Info: 
(fontspec)             Could not resolve font "Eadui/I" (it probably doesn't
(fontspec)             exist).


Package fontspec Info: 
(fontspec)             Font family 'Eadui(6)' created for font 'Eadui' with
(fontspec)             options
(fontspec)             [Ligatures=TeX,Contextual=on,Ligatures=TeX,Renderer=Harf
buzz,StylisticSet=17].
(fontspec)              
(fontspec)              This font family consists of the following NFSS
(fontspec)             series/shapes:
(fontspec)              
(fontspec)             - 'normal' (m/n) with NFSS spec.:
(fontspec)             <->"name:Eadui:mode=harf;script=latn;language=dflt;+calt
;+tlig;+ss17;"
(fontspec)             - 'small caps'  (m/sc) with NFSS spec.:
(fontspec)             <->"name:Eadui:mode=harf;script=latn;language=dflt;+calt
;+tlig;+ss17;+smcp;"


Package fontspec Info: 
(fontspec)             Could not resolve font "Eadui/BI" (it probably doesn't
(fontspec)             exist).


Package fontspec Info: 
(fontspec)             Could not resolve font "Eadui/B" (it probably doesn't
(fontspec)             exist).


Package fontspec Info: 
(fontspec)             Could not resolve font "Eadui/I" (it probably doesn't
(fontspec)             exist).


Package fontspec Info: 
(fontspec)             Font family 'Eadui(7)' created for font 'Eadui' with
(fontspec)             options
(fontspec)             [Ligatures=TeX,Contextual=on,Ligatures=TeX,Renderer=Harf
buzz,StylisticSet=19].
(fontspec)              
(fontspec)              This font family consists of the following NFSS
(fontspec)             series/shapes:
(fontspec)              
(fontspec)             - 'normal' (m/n) with NFSS spec.:
(fontspec)             <->"name:Eadui:mode=harf;script=latn;language=dflt;+calt
;+tlig;+ss19;"
(fontspec)             - 'small caps'  (m/sc) with NFSS spec.:
(fontspec)             <->"name:Eadui:mode=harf;script=latn;language=dflt;+calt
;+tlig;+ss19;+smcp;"

Package lettrine.sty Info: Targeted height = 24.49428pt
(lettrine.sty)             (for loversize=0, accent excluded),
(lettrine.sty)             Lettrine height = 24.12364pt ({\addfontfeature {Styl
isticSet=19}U}) loversize=0.1;
(lettrine.sty)             reported on input line 123.

Package fontspec Info: 
(fontspec)             Could not resolve font "Eadui/BI" (it probably doesn't
(fontspec)             exist).


Package fontspec Info: 
(fontspec)             Could not resolve font "Eadui/B" (it probably doesn't
(fontspec)             exist).


Package fontspec Info: 
(fontspec)             Could not resolve font "Eadui/I" (it probably doesn't
(fontspec)             exist).


Package fontspec Info: 
(fontspec)             Font family 'Eadui(8)' created for font 'Eadui' with
(fontspec)             options
(fontspec)             [Ligatures=TeX,Contextual=on,Ligatures=TeX,Renderer=Harf
buzz,Alternate=0].
(fontspec)              
(fontspec)              This font family consists of the following NFSS
(fontspec)             series/shapes:
(fontspec)              
(fontspec)             - 'normal' (m/n) with NFSS spec.:
(fontspec)             <->"name:Eadui:mode=harf;script=latn;language=dflt;+calt
;+tlig;+salt=0;"
(fontspec)             - 'small caps'  (m/sc) with NFSS spec.:
(fontspec)             <->"name:Eadui:mode=harf;script=latn;language=dflt;+calt
;+tlig;+salt=0;+smcp;"


Package fontspec Info: 
(fontspec)             Could not resolve font "Eadui/BI" (it probably doesn't
(fontspec)             exist).


Package fontspec Info: 
(fontspec)             Could not resolve font "Eadui/B" (it probably doesn't
(fontspec)             exist).


Package fontspec Info: 
(fontspec)             Could not resolve font "Eadui/I" (it probably doesn't
(fontspec)             exist).


Package fontspec Info: 
(fontspec)             Font family 'Eadui(9)' created for font 'Eadui' with
(fontspec)             options
(fontspec)             [Ligatures=TeX,Contextual=on,Ligatures=TeX,Renderer=Harf
buzz,Alternate=0,StylisticSet=17].
(fontspec)              
(fontspec)              This font family consists of the following NFSS
(fontspec)             series/shapes:
(fontspec)              
(fontspec)             - 'normal' (m/n) with NFSS spec.:
(fontspec)             <->"name:Eadui:mode=harf;script=latn;language=dflt;+calt
;+tlig;+salt=0;+ss17;"
(fontspec)             - 'small caps'  (m/sc) with NFSS spec.:
(fontspec)             <->"name:Eadui:mode=harf;script=latn;language=dflt;+calt
;+tlig;+salt=0;+ss17;+smcp;"

Package lettrine.sty Info: Targeted height = 24.49428pt
(lettrine.sty)             (for loversize=0, accent excluded),
(lettrine.sty)             Lettrine height = 24.64429pt ({\addfontfeatures {Alt
ernate=0}{{\addfontfeature {StylisticSet=17}E}}}) loversize=0.1;
(lettrine.sty)             reported on input line 131.
Package lettrine.sty Info: Targeted height = 24.49428pt
(lettrine.sty)             (for loversize=0, accent excluded),
(lettrine.sty)             Lettrine height = 25.77237pt ({\addfontfeature {Styl
isticSet=20}T}) loversize=0.1;
(lettrine.sty)             reported on input line 139.

Package fontspec Info: 
(fontspec)             Could not resolve font "Eadui/BI" (it probably doesn't
(fontspec)             exist).


Package fontspec Info: 
(fontspec)             Could not resolve font "Eadui/B" (it probably doesn't
(fontspec)             exist).


Package fontspec Info: 
(fontspec)             Could not resolve font "Eadui/I" (it probably doesn't
(fontspec)             exist).


Package fontspec Info: 
(fontspec)             Font family 'Eadui(10)' created for font 'Eadui' with
(fontspec)             options
(fontspec)             [Ligatures=TeX,Contextual=on,Ligatures=TeX,Renderer=Harf
buzz,Style=Historic].
(fontspec)              
(fontspec)              This font family consists of the following NFSS
(fontspec)             series/shapes:
(fontspec)              
(fontspec)             - 'normal' (m/n) with NFSS spec.:
(fontspec)             <->"name:Eadui:mode=harf;script=latn;language=dflt;+calt
;+tlig;+hist;"
(fontspec)             - 'small caps'  (m/sc) with NFSS spec.:
(fontspec)             <->"name:Eadui:mode=harf;script=latn;language=dflt;+calt
;+tlig;+hist;+smcp;"



<blank_ms_page_1-bright.jpg, id=1, 708.6475pt x 1003.75pt>
File: blank_ms_page_1-bright.jpg Graphic file (type jpg)
<use blank_ms_page_1-bright.jpg>
Package luatex.def Info: blank_ms_page_1-bright.jpg  used on input line 146.
(luatex.def)             Requested size: 505.14368pt x 715.50095pt.
[1

{/usr/local/texlive/2024/texmf-var/fonts/map/pdftex/updmap/pdftex.map}<./blank_m
s_page_1-bright.jpg>]
Package lettrine.sty Info: Targeted height = 24.49428pt
(lettrine.sty)             (for loversize=0, accent excluded),
(lettrine.sty)             Lettrine height = 24.38396pt ({\addfontfeature {Styl
isticSet=18}E}) loversize=0.1;
(lettrine.sty)             reported on input line 147.
Package lettrine.sty Info: Targeted height = 24.49428pt
(lettrine.sty)             (for loversize=0, accent excluded),
(lettrine.sty)             Lettrine height = 25.77237pt ({\addfontfeature {Styl
isticSet=17}T}) loversize=0.1;
(lettrine.sty)             reported on input line 158.


File: blank_ms_page_1-bright.jpg Graphic file (type jpg)
<use blank_ms_page_1-bright.jpg>
Package luatex.def Info: blank_ms_page_1-bright.jpg  used on input line 168.
(luatex.def)             Requested size: 505.14368pt x 715.50095pt.
[2]
Underfull \hbox (badness 10000) in paragraph at lines 169--170

 []


Package fontspec Info: 
(fontspec)             Could not resolve font "Eadui/BI" (it probably doesn't
(fontspec)             exist).


Package fontspec Info: 
(fontspec)             Could not resolve font "Eadui/B" (it probably doesn't
(fontspec)             exist).


Package fontspec Info: 
(fontspec)             Could not resolve font "Eadui/I" (it probably doesn't
(fontspec)             exist).


Package fontspec Info: 
(fontspec)             Font family 'Eadui(11)' created for font 'Eadui' with
(fontspec)             options
(fontspec)             [Ligatures=TeX,Contextual=on,Ligatures=TeX,Renderer=Harf
buzz,Style=Historic,Alty=on].
(fontspec)              
(fontspec)              This font family consists of the following NFSS
(fontspec)             series/shapes:
(fontspec)              
(fontspec)             - 'normal' (m/n) with NFSS spec.:
(fontspec)             <->"name:Eadui:mode=harf;script=latn;language=dflt;+calt
;+tlig;+hist;+ss10;"
(fontspec)             - 'small caps'  (m/sc) with NFSS spec.:
(fontspec)             <->"name:Eadui:mode=harf;script=latn;language=dflt;+calt
;+tlig;+hist;+ss10;+smcp;"


Package fontspec Info: 
(fontspec)             Could not resolve font "Eadui/BI" (it probably doesn't
(fontspec)             exist).


Package fontspec Info: 
(fontspec)             Could not resolve font "Eadui/B" (it probably doesn't
(fontspec)             exist).


Package fontspec Info: 
(fontspec)             Could not resolve font "Eadui/I" (it probably doesn't
(fontspec)             exist).


Package fontspec Info: 
(fontspec)             Font family 'Eadui(12)' created for font 'Eadui' with
(fontspec)             options
(fontspec)             [Ligatures=TeX,Contextual=on,Ligatures=TeX,Renderer=Harf
buzz,Style=Historic,Alty=on,StylisticSet=18].
(fontspec)              
(fontspec)              This font family consists of the following NFSS
(fontspec)             series/shapes:
(fontspec)              
(fontspec)             - 'normal' (m/n) with NFSS spec.:
(fontspec)             <->"name:Eadui:mode=harf;script=latn;language=dflt;+calt
;+tlig;+hist;+ss10;+ss18;"
(fontspec)             - 'small caps'  (m/sc) with NFSS spec.:
(fontspec)             <->"name:Eadui:mode=harf;script=latn;language=dflt;+calt
;+tlig;+hist;+ss10;+ss18;+smcp;"

Package lettrine.sty Info: Targeted height = 60.3164pt
(lettrine.sty)             (for loversize=0, accent excluded),
(lettrine.sty)             Lettrine height = 57.58742pt ({\addfontfeature {Styl
isticSet=18}B}) loversize=0.1;
(lettrine.sty)             reported on input line 173.

Package fontspec Info: 
(fontspec)             Could not resolve font "Eadui/BI" (it probably doesn't
(fontspec)             exist).


Package fontspec Info: 
(fontspec)             Could not resolve font "Eadui/B" (it probably doesn't
(fontspec)             exist).


Package fontspec Info: 
(fontspec)             Could not resolve font "Eadui/I" (it probably doesn't
(fontspec)             exist).


Package fontspec Info: 
(fontspec)             Font family 'Eadui(13)' created for font 'Eadui' with
(fontspec)             options
(fontspec)             [Ligatures=TeX,Contextual=on,Ligatures=TeX,Renderer=Harf
buzz,Style=Historic,Alty=on,StylisticSet=5].
(fontspec)              
(fontspec)              This font family consists of the following NFSS
(fontspec)             series/shapes:
(fontspec)              
(fontspec)             - 'normal' (m/n) with NFSS spec.:
(fontspec)             <->"name:Eadui:mode=harf;script=latn;language=dflt;+calt
;+tlig;+hist;+ss10;+ss05;"
(fontspec)             - 'small caps'  (m/sc) with NFSS spec.:
(fontspec)             <->"name:Eadui:mode=harf;script=latn;language=dflt;+calt
;+tlig;+hist;+ss10;+ss05;+smcp;"


Package fontspec Info: 
(fontspec)             Could not resolve font "Eadui/BI" (it probably doesn't
(fontspec)             exist).


Package fontspec Info: 
(fontspec)             Could not resolve font "Eadui/B" (it probably doesn't
(fontspec)             exist).


Package fontspec Info: 
(fontspec)             Could not resolve font "Eadui/I" (it probably doesn't
(fontspec)             exist).


Package fontspec Info: 
(fontspec)             Font family 'Eadui(14)' created for font 'Eadui' with
(fontspec)             options
(fontspec)             [Ligatures=TeX,Contextual=on,Ligatures=TeX,Renderer=Harf
buzz,Style=Historic,Alty=on,CharacterVariant=64:0].
(fontspec)              
(fontspec)              This font family consists of the following NFSS
(fontspec)             series/shapes:
(fontspec)              
(fontspec)             - 'normal' (m/n) with NFSS spec.:
(fontspec)             <->"name:Eadui:mode=harf;script=latn;language=dflt;+calt
;+tlig;+hist;+ss10;+cv64=0;"
(fontspec)             - 'small caps'  (m/sc) with NFSS spec.:
(fontspec)             <->"name:Eadui:mode=harf;script=latn;language=dflt;+calt
;+tlig;+hist;+ss10;+cv64=0;+smcp;"


Package fontspec Info: 
(fontspec)             Could not resolve font "Eadui/BI" (it probably doesn't
(fontspec)             exist).


Package fontspec Info: 
(fontspec)             Could not resolve font "Eadui/B" (it probably doesn't
(fontspec)             exist).


Package fontspec Info: 
(fontspec)             Could not resolve font "Eadui/I" (it probably doesn't
(fontspec)             exist).


Package fontspec Info: 
(fontspec)             Font family 'Eadui(15)' created for font 'Eadui' with
(fontspec)             options
(fontspec)             [Ligatures=TeX,Contextual=on,Ligatures=TeX,Renderer=Harf
buzz,Style=Historic,Alty=on,Style=Swash].
(fontspec)              
(fontspec)              This font family consists of the following NFSS
(fontspec)             series/shapes:
(fontspec)              
(fontspec)             - 'normal' (m/n) with NFSS spec.:
(fontspec)             <->"name:Eadui:mode=harf;script=latn;language=dflt;+calt
;+tlig;+hist;+ss10;+swsh;"
(fontspec)             - 'small caps'  (m/sc) with NFSS spec.:
(fontspec)             <->"name:Eadui:mode=harf;script=latn;language=dflt;+calt
;+tlig;+hist;+ss10;+swsh;+smcp;"


Package fontspec Info: 
(fontspec)             Could not resolve font "Eadui/BI" (it probably doesn't
(fontspec)             exist).


Package fontspec Info: 
(fontspec)             Could not resolve font "Eadui/B" (it probably doesn't
(fontspec)             exist).


Package fontspec Info: 
(fontspec)             Could not resolve font "Eadui/I" (it probably doesn't
(fontspec)             exist).


Package fontspec Info: 
(fontspec)             Font family 'Eadui(16)' created for font 'Eadui' with
(fontspec)             options
(fontspec)             [Ligatures=TeX,Contextual=on,Ligatures=TeX,Renderer=Harf
buzz,Style=Historic,Alty=on,StylisticSet=17].
(fontspec)              
(fontspec)              This font family consists of the following NFSS
(fontspec)             series/shapes:
(fontspec)              
(fontspec)             - 'normal' (m/n) with NFSS spec.:
(fontspec)             <->"name:Eadui:mode=harf;script=latn;language=dflt;+calt
;+tlig;+hist;+ss10;+ss17;"
(fontspec)             - 'small caps'  (m/sc) with NFSS spec.:
(fontspec)             <->"name:Eadui:mode=harf;script=latn;language=dflt;+calt
;+tlig;+hist;+ss10;+ss17;+smcp;"

Package lettrine.sty Info: Targeted height = 34.31657pt
(lettrine.sty)             (for loversize=0, accent excluded),
(lettrine.sty)             Lettrine height = 33.73651pt ({\addfontfeature {Styl
isticSet=17}S}\hspace {3pt}) loversize=0.1;
(lettrine.sty)             reported on input line 177.

Package fontspec Info: 
(fontspec)             Could not resolve font "Eadui/BI" (it probably doesn't
(fontspec)             exist).


Package fontspec Info: 
(fontspec)             Could not resolve font "Eadui/B" (it probably doesn't
(fontspec)             exist).


Package fontspec Info: 
(fontspec)             Could not resolve font "Eadui/I" (it probably doesn't
(fontspec)             exist).


Package fontspec Info: 
(fontspec)             Font family 'Eadui(17)' created for font 'Eadui' with
(fontspec)             options
(fontspec)             [Ligatures=TeX,Contextual=on,Ligatures=TeX,Renderer=Harf
buzz,Style=Historic,Alty=on,CharacterVariant=64:2].
(fontspec)              
(fontspec)              This font family consists of the following NFSS
(fontspec)             series/shapes:
(fontspec)              
(fontspec)             - 'normal' (m/n) with NFSS spec.:
(fontspec)             <->"name:Eadui:mode=harf;script=latn;language=dflt;+calt
;+tlig;+hist;+ss10;+cv64=2;"
(fontspec)             - 'small caps'  (m/sc) with NFSS spec.:
(fontspec)             <->"name:Eadui:mode=harf;script=latn;language=dflt;+calt
;+tlig;+hist;+ss10;+cv64=2;+smcp;"


Package fontspec Info: 
(fontspec)             Could not resolve font "Eadui/BI" (it probably doesn't
(fontspec)             exist).


Package fontspec Info: 
(fontspec)             Could not resolve font "Eadui/B" (it probably doesn't
(fontspec)             exist).


Package fontspec Info: 
(fontspec)             Could not resolve font "Eadui/I" (it probably doesn't
(fontspec)             exist).


Package fontspec Info: 
(fontspec)             Font family 'Eadui(18)' created for font 'Eadui' with
(fontspec)             options
(fontspec)             [Ligatures=TeX,Contextual=on,Ligatures=TeX,Renderer=Harf
buzz,Style=Historic,Alty=on,Ligatures=Historic].
(fontspec)              
(fontspec)              This font family consists of the following NFSS
(fontspec)             series/shapes:
(fontspec)              
(fontspec)             - 'normal' (m/n) with NFSS spec.:
(fontspec)             <->"name:Eadui:mode=harf;script=latn;language=dflt;+calt
;+tlig;+hist;+ss10;+hlig;"
(fontspec)             - 'small caps'  (m/sc) with NFSS spec.:
(fontspec)             <->"name:Eadui:mode=harf;script=latn;language=dflt;+calt
;+tlig;+hist;+ss10;+hlig;+smcp;"


Package fontspec Info: 
(fontspec)             Could not resolve font "Eadui/BI" (it probably doesn't
(fontspec)             exist).


Package fontspec Info: 
(fontspec)             Could not resolve font "Eadui/B" (it probably doesn't
(fontspec)             exist).


Package fontspec Info: 
(fontspec)             Could not resolve font "Eadui/I" (it probably doesn't
(fontspec)             exist).


Package fontspec Info: 
(fontspec)             Font family 'Eadui(19)' created for font 'Eadui' with
(fontspec)             options
(fontspec)             [Ligatures=TeX,Contextual=on,Ligatures=TeX,Renderer=Harf
buzz,Style=Historic,Alty=on,StylisticSet=19].
(fontspec)              
(fontspec)              This font family consists of the following NFSS
(fontspec)             series/shapes:
(fontspec)              
(fontspec)             - 'normal' (m/n) with NFSS spec.:
(fontspec)             <->"name:Eadui:mode=harf;script=latn;language=dflt;+calt
;+tlig;+hist;+ss10;+ss19;"
(fontspec)             - 'small caps'  (m/sc) with NFSS spec.:
(fontspec)             <->"name:Eadui:mode=harf;script=latn;language=dflt;+calt
;+tlig;+hist;+ss10;+ss19;+smcp;"

Package lettrine.sty Info: Targeted height = 34.31657pt
(lettrine.sty)             (for loversize=0, accent excluded),
(lettrine.sty)             Lettrine height = 34.16202pt ({\addfontfeature {Styl
isticSet=19}E}\hspace {3pt}) loversize=0.1;
(lettrine.sty)             reported on input line 180.

Package fontspec Info: 
(fontspec)             Could not resolve font "Eadui/BI" (it probably doesn't
(fontspec)             exist).


Package fontspec Info: 
(fontspec)             Could not resolve font "Eadui/B" (it probably doesn't
(fontspec)             exist).


Package fontspec Info: 
(fontspec)             Could not resolve font "Eadui/I" (it probably doesn't
(fontspec)             exist).


Package fontspec Info: 
(fontspec)             Font family 'Eadui(20)' created for font 'Eadui' with
(fontspec)             options
(fontspec)             [Ligatures=TeX,Contextual=on,Ligatures=TeX,Renderer=Harf
buzz,Style=Historic,Alty=on,CharacterVariant=34:2].
(fontspec)              
(fontspec)              This font family consists of the following NFSS
(fontspec)             series/shapes:
(fontspec)              
(fontspec)             - 'normal' (m/n) with NFSS spec.:
(fontspec)             <->"name:Eadui:mode=harf;script=latn;language=dflt;+calt
;+tlig;+hist;+ss10;+cv34=2;"
(fontspec)             - 'small caps'  (m/sc) with NFSS spec.:
(fontspec)             <->"name:Eadui:mode=harf;script=latn;language=dflt;+calt
;+tlig;+hist;+ss10;+cv34=2;+smcp;"


Package fontspec Info: 
(fontspec)             Could not resolve font "Eadui/BI" (it probably doesn't
(fontspec)             exist).


Package fontspec Info: 
(fontspec)             Could not resolve font "Eadui/B" (it probably doesn't
(fontspec)             exist).


Package fontspec Info: 
(fontspec)             Could not resolve font "Eadui/I" (it probably doesn't
(fontspec)             exist).


Package fontspec Info: 
(fontspec)             Font family 'Eadui(21)' created for font 'Eadui' with
(fontspec)             options
(fontspec)             [Ligatures=TeX,Contextual=on,Ligatures=TeX,Renderer=Harf
buzz,Style=Historic,Alty=on,Ligatures=Rare].
(fontspec)              
(fontspec)              This font family consists of the following NFSS
(fontspec)             series/shapes:
(fontspec)              
(fontspec)             - 'normal' (m/n) with NFSS spec.:
(fontspec)             <->"name:Eadui:mode=harf;script=latn;language=dflt;+calt
;+tlig;+hist;+ss10;+dlig;"
(fontspec)             - 'small caps'  (m/sc) with NFSS spec.:
(fontspec)             <->"name:Eadui:mode=harf;script=latn;language=dflt;+calt
;+tlig;+hist;+ss10;+dlig;+smcp;"


Package fontspec Info: 
(fontspec)             Could not resolve font "Eadui/BI" (it probably doesn't
(fontspec)             exist).


Package fontspec Info: 
(fontspec)             Could not resolve font "Eadui/B" (it probably doesn't
(fontspec)             exist).


Package fontspec Info: 
(fontspec)             Could not resolve font "Eadui/I" (it probably doesn't
(fontspec)             exist).


Package fontspec Info: 
(fontspec)             Font family 'Eadui(22)' created for font 'Eadui' with
(fontspec)             options
(fontspec)             [Ligatures=TeX,Contextual=on,Ligatures=TeX,Renderer=Harf
buzz,Style=Historic,Alty=on,Ligatures=Rare,StylisticSet=20].
(fontspec)              
(fontspec)              This font family consists of the following NFSS
(fontspec)             series/shapes:
(fontspec)              
(fontspec)             - 'normal' (m/n) with NFSS spec.:
(fontspec)             <->"name:Eadui:mode=harf;script=latn;language=dflt;+calt
;+tlig;+hist;+ss10;+dlig;+ss20;"
(fontspec)             - 'small caps'  (m/sc) with NFSS spec.:
(fontspec)             <->"name:Eadui:mode=harf;script=latn;language=dflt;+calt
;+tlig;+hist;+ss10;+dlig;+ss20;+smcp;"

Package lettrine.sty Info: Targeted height = 34.31657pt
(lettrine.sty)             (for loversize=0, accent excluded),
(lettrine.sty)             Lettrine height = 32.8855pt (\addfontfeatures {Ligat
ures=Rare}{\addfontfeature {StylisticSet=20}ET}\hspace {3pt}) loversize=0.1;
(lettrine.sty)             reported on input line 184.

Package fontspec Info: 
(fontspec)             Could not resolve font "Eadui/BI" (it probably doesn't
(fontspec)             exist).


Package fontspec Info: 
(fontspec)             Could not resolve font "Eadui/B" (it probably doesn't
(fontspec)             exist).


Package fontspec Info: 
(fontspec)             Could not resolve font "Eadui/I" (it probably doesn't
(fontspec)             exist).


Package fontspec Info: 
(fontspec)             Font family 'Eadui(23)' created for font 'Eadui' with
(fontspec)             options
(fontspec)             [Ligatures=TeX,Contextual=on,Ligatures=TeX,Renderer=Harf
buzz,Style=Historic,Alty=on,CharacterVariant=64:1].
(fontspec)              
(fontspec)              This font family consists of the following NFSS
(fontspec)             series/shapes:
(fontspec)              
(fontspec)             - 'normal' (m/n) with NFSS spec.:
(fontspec)             <->"name:Eadui:mode=harf;script=latn;language=dflt;+calt
;+tlig;+hist;+ss10;+cv64=1;"
(fontspec)             - 'small caps'  (m/sc) with NFSS spec.:
(fontspec)             <->"name:Eadui:mode=harf;script=latn;language=dflt;+calt
;+tlig;+hist;+ss10;+cv64=1;+smcp;"

Package lettrine.sty Info: Targeted height = 34.31657pt
(lettrine.sty)             (for loversize=0, accent excluded),
(lettrine.sty)             Lettrine height = 32.94629pt ({\addfontfeature {Styl
isticSet=17}N}\hspace {3pt}) loversize=0.1;
(lettrine.sty)             reported on input line 187.

Package fontspec Info: 
(fontspec)             Could not resolve font "Eadui/BI" (it probably doesn't
(fontspec)             exist).


Package fontspec Info: 
(fontspec)             Could not resolve font "Eadui/B" (it probably doesn't
(fontspec)             exist).


Package fontspec Info: 
(fontspec)             Could not resolve font "Eadui/I" (it probably doesn't
(fontspec)             exist).


Package fontspec Info: 
(fontspec)             Font family 'Eadui(24)' created for font 'Eadui' with
(fontspec)             options
(fontspec)             [Ligatures=TeX,Contextual=on,Ligatures=TeX,Renderer=Harf
buzz,Style=Historic,Alty=on,Alternate=0].
(fontspec)              
(fontspec)              This font family consists of the following NFSS
(fontspec)             series/shapes:
(fontspec)              
(fontspec)             - 'normal' (m/n) with NFSS spec.:
(fontspec)             <->"name:Eadui:mode=harf;script=latn;language=dflt;+calt
;+tlig;+hist;+ss10;+salt=0;"
(fontspec)             - 'small caps'  (m/sc) with NFSS spec.:
(fontspec)             <->"name:Eadui:mode=harf;script=latn;language=dflt;+calt
;+tlig;+hist;+ss10;+salt=0;+smcp;"


Package fontspec Info: 
(fontspec)             Could not resolve font "Eadui/BI" (it probably doesn't
(fontspec)             exist).


Package fontspec Info: 
(fontspec)             Could not resolve font "Eadui/B" (it probably doesn't
(fontspec)             exist).


Package fontspec Info: 
(fontspec)             Could not resolve font "Eadui/I" (it probably doesn't
(fontspec)             exist).


Package fontspec Info: 
(fontspec)             Font family 'Eadui(25)' created for font 'Eadui' with
(fontspec)             options
(fontspec)             [Ligatures=TeX,Contextual=on,Ligatures=TeX,Renderer=Harf
buzz,Style=Historic,Alty=on,CharacterVariant=38:0].
(fontspec)              
(fontspec)              This font family consists of the following NFSS
(fontspec)             series/shapes:
(fontspec)              
(fontspec)             - 'normal' (m/n) with NFSS spec.:
(fontspec)             <->"name:Eadui:mode=harf;script=latn;language=dflt;+calt
;+tlig;+hist;+ss10;+cv38=0;"
(fontspec)             - 'small caps'  (m/sc) with NFSS spec.:
(fontspec)             <->"name:Eadui:mode=harf;script=latn;language=dflt;+calt
;+tlig;+hist;+ss10;+cv38=0;+smcp;"


Package fontspec Info: 
(fontspec)             Could not resolve font "Eadui/BI" (it probably doesn't
(fontspec)             exist).


Package fontspec Info: 
(fontspec)             Could not resolve font "Eadui/B" (it probably doesn't
(fontspec)             exist).


Package fontspec Info: 
(fontspec)             Could not resolve font "Eadui/I" (it probably doesn't
(fontspec)             exist).


Package fontspec Info: 
(fontspec)             Font family 'Eadui(26)' created for font 'Eadui' with
(fontspec)             options
(fontspec)             [Ligatures=TeX,Contextual=on,Ligatures=TeX,Renderer=Harf
buzz,Style=Historic,Alty=on,AltDiacritics=on].
(fontspec)              
(fontspec)              This font family consists of the following NFSS
(fontspec)             series/shapes:
(fontspec)              
(fontspec)             - 'normal' (m/n) with NFSS spec.:
(fontspec)             <->"name:Eadui:mode=harf;script=latn;language=dflt;+calt
;+tlig;+hist;+ss10;+ss13;"
(fontspec)             - 'small caps'  (m/sc) with NFSS spec.:
(fontspec)             <->"name:Eadui:mode=harf;script=latn;language=dflt;+calt
;+tlig;+hist;+ss10;+ss13;+smcp;"

Package lettrine.sty Info: Targeted height = 34.31657pt
(lettrine.sty)             (for loversize=0, accent excluded),
(lettrine.sty)             Lettrine height = 32.94629pt ({\addfontfeature {Styl
isticSet=18}I}\hspace {3pt}) loversize=0.1;
(lettrine.sty)             reported on input line 190.

Package fontspec Info: 
(fontspec)             Could not resolve font "Eadui/BI" (it probably doesn't
(fontspec)             exist).


Package fontspec Info: 
(fontspec)             Could not resolve font "Eadui/B" (it probably doesn't
(fontspec)             exist).


Package fontspec Info: 
(fontspec)             Could not resolve font "Eadui/I" (it probably doesn't
(fontspec)             exist).


Package fontspec Info: 
(fontspec)             Font family 'Eadui(27)' created for font 'Eadui' with
(fontspec)             options
(fontspec)             [Ligatures=TeX,Contextual=on,Ligatures=TeX,Renderer=Harf
buzz,Style=Historic,Alty=on,CharacterVariant=28:3].
(fontspec)              
(fontspec)              This font family consists of the following NFSS
(fontspec)             series/shapes:
(fontspec)              
(fontspec)             - 'normal' (m/n) with NFSS spec.:
(fontspec)             <->"name:Eadui:mode=harf;script=latn;language=dflt;+calt
;+tlig;+hist;+ss10;+cv28=3;"
(fontspec)             - 'small caps'  (m/sc) with NFSS spec.:
(fontspec)             <->"name:Eadui:mode=harf;script=latn;language=dflt;+calt
;+tlig;+hist;+ss10;+cv28=3;+smcp;"


Package fontspec Info: 
(fontspec)             Could not resolve font "Eadui/BI" (it probably doesn't
(fontspec)             exist).


Package fontspec Info: 
(fontspec)             Could not resolve font "Eadui/B" (it probably doesn't
(fontspec)             exist).


Package fontspec Info: 
(fontspec)             Could not resolve font "Eadui/I" (it probably doesn't
(fontspec)             exist).


Package fontspec Info: 
(fontspec)             Font family 'Eadui(28)' created for font 'Eadui' with
(fontspec)             options
(fontspec)             [Ligatures=TeX,Contextual=on,Ligatures=TeX,Renderer=Harf
buzz,Style=Historic,Alty=on,AltCaps=on].
(fontspec)              
(fontspec)              This font family consists of the following NFSS
(fontspec)             series/shapes:
(fontspec)              
(fontspec)             - 'normal' (m/n) with NFSS spec.:
(fontspec)             <->"name:Eadui:mode=harf;script=latn;language=dflt;+calt
;+tlig;+hist;+ss10;+ss12;"
(fontspec)             - 'small caps'  (m/sc) with NFSS spec.:
(fontspec)             <->"name:Eadui:mode=harf;script=latn;language=dflt;+calt
;+tlig;+hist;+ss10;+ss12;+smcp;"


Package fontspec Info: 
(fontspec)             Could not resolve font "Eadui/BI" (it probably doesn't
(fontspec)             exist).


Package fontspec Info: 
(fontspec)             Could not resolve font "Eadui/B" (it probably doesn't
(fontspec)             exist).


Package fontspec Info: 
(fontspec)             Could not resolve font "Eadui/I" (it probably doesn't
(fontspec)             exist).


Package fontspec Info: 
(fontspec)             Font family 'Eadui(29)' created for font 'Eadui' with
(fontspec)             options
(fontspec)             [Ligatures=TeX,Contextual=on,Ligatures=TeX,Renderer=Harf
buzz,Style=Historic,Alty=on,AltCaps=on,StylisticSet=19].
(fontspec)              
(fontspec)              This font family consists of the following NFSS
(fontspec)             series/shapes:
(fontspec)              
(fontspec)             - 'normal' (m/n) with NFSS spec.:
(fontspec)             <->"name:Eadui:mode=harf;script=latn;language=dflt;+calt
;+tlig;+hist;+ss10;+ss12;+ss19;"
(fontspec)             - 'small caps'  (m/sc) with NFSS spec.:
(fontspec)             <->"name:Eadui:mode=harf;script=latn;language=dflt;+calt
;+tlig;+hist;+ss10;+ss12;+ss19;+smcp;"

Package lettrine.sty Info: Targeted height = 34.31657pt
(lettrine.sty)             (for loversize=0, accent excluded),
(lettrine.sty)             Lettrine height = 29.48145pt (\addfontfeatures {AltC
aps=on}{\addfontfeature {StylisticSet=19}Q}\hspace {3pt}) loversize=0.1;
(lettrine.sty)             reported on input line 193.

Package fontspec Info: 
(fontspec)             Could not resolve font "Eadui/BI" (it probably doesn't
(fontspec)             exist).


Package fontspec Info: 
(fontspec)             Could not resolve font "Eadui/B" (it probably doesn't
(fontspec)             exist).


Package fontspec Info: 
(fontspec)             Could not resolve font "Eadui/I" (it probably doesn't
(fontspec)             exist).


Package fontspec Info: 
(fontspec)             Font family 'Eadui(30)' created for font 'Eadui' with
(fontspec)             options
(fontspec)             [Ligatures=TeX,Contextual=on,Ligatures=TeX,Renderer=Harf
buzz,Style=Historic,Alty=on,CharacterVariant=64:3].
(fontspec)              
(fontspec)              This font family consists of the following NFSS
(fontspec)             series/shapes:
(fontspec)              
(fontspec)             - 'normal' (m/n) with NFSS spec.:
(fontspec)             <->"name:Eadui:mode=harf;script=latn;language=dflt;+calt
;+tlig;+hist;+ss10;+cv64=3;"
(fontspec)             - 'small caps'  (m/sc) with NFSS spec.:
(fontspec)             <->"name:Eadui:mode=harf;script=latn;language=dflt;+calt
;+tlig;+hist;+ss10;+cv64=3;+smcp;"



File: blank_ms_page_1-bright.jpg Graphic file (type jpg)
<use blank_ms_page_1-bright.jpg>
Package luatex.def Info: blank_ms_page_1-bright.jpg  used on input line 205.
(luatex.def)             Requested size: 505.14368pt x 715.50095pt.
[3]
Underfull \hbox (badness 10000) in paragraph at lines 206--207

 []


Package fontspec Info: 
(fontspec)             Could not resolve font "Eadui/BI" (it probably doesn't
(fontspec)             exist).


Package fontspec Info: 
(fontspec)             Could not resolve font "Eadui/B" (it probably doesn't
(fontspec)             exist).


Package fontspec Info: 
(fontspec)             Could not resolve font "Eadui/I" (it probably doesn't
(fontspec)             exist).


Package fontspec Info: 
(fontspec)             Font family 'Eadui(31)' created for font 'Eadui' with
(fontspec)             options
(fontspec)             [Ligatures=TeX,Contextual=on,Ligatures=TeX,Renderer=Harf
buzz,Style=Historic,Alty=on,Style=TitlingCaps,StylisticSet=5].
(fontspec)              
(fontspec)              This font family consists of the following NFSS
(fontspec)             series/shapes:
(fontspec)              
(fontspec)             - 'normal' (m/n) with NFSS spec.:
(fontspec)             <->"name:Eadui:mode=harf;script=latn;language=dflt;+calt
;+tlig;+hist;+ss10;+titl;+ss05;"
(fontspec)             - 'small caps'  (m/sc) with NFSS spec.:
(fontspec)             <->"name:Eadui:mode=harf;script=latn;language=dflt;+calt
;+tlig;+hist;+ss10;+titl;+ss05;+smcp;"


Package fontspec Info: 
(fontspec)             Could not resolve font "Eadui/BI" (it probably doesn't
(fontspec)             exist).


Package fontspec Info: 
(fontspec)             Could not resolve font "Eadui/B" (it probably doesn't
(fontspec)             exist).


Package fontspec Info: 
(fontspec)             Could not resolve font "Eadui/I" (it probably doesn't
(fontspec)             exist).


Package fontspec Info: 
(fontspec)             Font family 'Eadui(32)' created for font 'Eadui' with
(fontspec)             options
(fontspec)             [Ligatures=TeX,Contextual=on,Ligatures=TeX,Renderer=Harf
buzz,Style=Historic,Alty=on,Style=TitlingCaps,StylisticSet=5,Alternate=0].
(fontspec)              
(fontspec)              This font family consists of the following NFSS
(fontspec)             series/shapes:
(fontspec)              
(fontspec)             - 'normal' (m/n) with NFSS spec.:
(fontspec)             <->"name:Eadui:mode=harf;script=latn;language=dflt;+calt
;+tlig;+hist;+ss10;+titl;+ss05;+salt=0;"
(fontspec)             - 'small caps'  (m/sc) with NFSS spec.:
(fontspec)             <->"name:Eadui:mode=harf;script=latn;language=dflt;+calt
;+tlig;+hist;+ss10;+titl;+ss05;+salt=0;+smcp;"


Package fontspec Info: 
(fontspec)             Could not resolve font "Eadui/BI" (it probably doesn't
(fontspec)             exist).


Package fontspec Info: 
(fontspec)             Could not resolve font "Eadui/B" (it probably doesn't
(fontspec)             exist).


Package fontspec Info: 
(fontspec)             Could not resolve font "Eadui/I" (it probably doesn't
(fontspec)             exist).


Package fontspec Info: 
(fontspec)             Font family 'Eadui(33)' created for font 'Eadui' with
(fontspec)             options
(fontspec)             [Ligatures=TeX,Contextual=on,Ligatures=TeX,Renderer=Harf
buzz,Style=Historic,Alty=on,Ligatures=Historic,SentenceCaps=on].
(fontspec)              
(fontspec)              This font family consists of the following NFSS
(fontspec)             series/shapes:
(fontspec)              
(fontspec)             - 'normal' (m/n) with NFSS spec.:
(fontspec)             <->"name:Eadui:mode=harf;script=latn;language=dflt;+calt
;+tlig;+hist;+ss10;+hlig;+ss11;"
(fontspec)             - 'small caps'  (m/sc) with NFSS spec.:
(fontspec)             <->"name:Eadui:mode=harf;script=latn;language=dflt;+calt
;+tlig;+hist;+ss10;+hlig;+ss11;+smcp;"


Package fontspec Info: 
(fontspec)             Could not resolve font "Eadui/BI" (it probably doesn't
(fontspec)             exist).


Package fontspec Info: 
(fontspec)             Could not resolve font "Eadui/B" (it probably doesn't
(fontspec)             exist).


Package fontspec Info: 
(fontspec)             Could not resolve font "Eadui/I" (it probably doesn't
(fontspec)             exist).


Package fontspec Info: 
(fontspec)             Font family 'Eadui(34)' created for font 'Eadui' with
(fontspec)             options
(fontspec)             [Ligatures=TeX,Contextual=on,Ligatures=TeX,Renderer=Harf
buzz,Style=Historic,Alty=on,Ligatures=Historic,SentenceCaps=on,StylisticSet=17]
.
(fontspec)              
(fontspec)              This font family consists of the following NFSS
(fontspec)             series/shapes:
(fontspec)              
(fontspec)             - 'normal' (m/n) with NFSS spec.:
(fontspec)             <->"name:Eadui:mode=harf;script=latn;language=dflt;+calt
;+tlig;+hist;+ss10;+hlig;+ss11;+ss17;"
(fontspec)             - 'small caps'  (m/sc) with NFSS spec.:
(fontspec)             <->"name:Eadui:mode=harf;script=latn;language=dflt;+calt
;+tlig;+hist;+ss10;+hlig;+ss11;+ss17;+smcp;"


Overfull \hbox (0.80255pt too wide) in paragraph at lines 215--234
\TU/Eadui(33)/m/n/14.4 sub-tra-ham, quibus haec maxime auc-toribus didicerim, br
euiter
 []



File: blank_ms_page_1-bright.jpg Graphic file (type jpg)
<use blank_ms_page_1-bright.jpg>
Package luatex.def Info: blank_ms_page_1-bright.jpg  used on input line 236.
(luatex.def)             Requested size: 505.14368pt x 715.50095pt.
[4]
Underfull \hbox (badness 10000) in paragraph at lines 237--238

 []


Package fontspec Info: 
(fontspec)             Could not resolve font "Eadui/BI" (it probably doesn't
(fontspec)             exist).


Package fontspec Info: 
(fontspec)             Could not resolve font "Eadui/B" (it probably doesn't
(fontspec)             exist).


Package fontspec Info: 
(fontspec)             Could not resolve font "Eadui/I" (it probably doesn't
(fontspec)             exist).


Package fontspec Info: 
(fontspec)             Font family 'Eadui(35)' created for font 'Eadui' with
(fontspec)             options
(fontspec)             [Ligatures=TeX,Contextual=on,Ligatures=TeX,Renderer=Harf
buzz,Style=Historic,Alty=on,AltCaps=on,Alternate=0].
(fontspec)              
(fontspec)              This font family consists of the following NFSS
(fontspec)             series/shapes:
(fontspec)              
(fontspec)             - 'normal' (m/n) with NFSS spec.:
(fontspec)             <->"name:Eadui:mode=harf;script=latn;language=dflt;+calt
;+tlig;+hist;+ss10;+ss12;+salt=0;"
(fontspec)             - 'small caps'  (m/sc) with NFSS spec.:
(fontspec)             <->"name:Eadui:mode=harf;script=latn;language=dflt;+calt
;+tlig;+hist;+ss10;+ss12;+salt=0;+smcp;"


Overfull \hbox (0.52882pt too wide) in paragraph at lines 242--262
\TU/Eadui(28)/m/sc/14.4 His-panie, max-imis \TU/Eadui(35)/m/sc/14.4 E\TU/Eadu
i(28)/m/sc/14.4 u-rope part-ib, multo in-teru-allo aduersa.
 []



File: blank_ms_page_1-bright.jpg Graphic file (type jpg)
<use blank_ms_page_1-bright.jpg>
Package luatex.def Info: blank_ms_page_1-bright.jpg  used on input line 263.
(luatex.def)             Requested size: 505.14368pt x 715.50095pt.
[5]
Underfull \hbox (badness 10000) in paragraph at lines 264--265

 []

Package lettrine.sty Info: Targeted height = 60.3164pt
(lettrine.sty)             (for loversize=0, accent excluded),
(lettrine.sty)             Lettrine height = 60.6858pt ({\addfontfeature {Styli
sticSet=20}H}) loversize=0.1;
(lettrine.sty)             reported on input line 268.
Package lettrine.sty Info: Targeted height = 34.31657pt
(lettrine.sty)             (for loversize=0, accent excluded),
(lettrine.sty)             Lettrine height = 32.58156pt ({\addfontfeature {Styl
isticSet=18}M}) loversize=0.1;
(lettrine.sty)             reported on input line 276.
Package lettrine.sty Info: Targeted height = 34.31657pt
(lettrine.sty)             (for loversize=0, accent excluded),
(lettrine.sty)             Lettrine height = 32.94629pt ({\addfontfeature {Styl
isticSet=17}I}\kern +5pt) loversize=0.1;
(lettrine.sty)             reported on input line 282.

Package fontspec Info: 
(fontspec)             Could not resolve font "Eadui/BI" (it probably doesn't
(fontspec)             exist).


Package fontspec Info: 
(fontspec)             Could not resolve font "Eadui/B" (it probably doesn't
(fontspec)             exist).


Package fontspec Info: 
(fontspec)             Could not resolve font "Eadui/I" (it probably doesn't
(fontspec)             exist).


Package fontspec Info: 
(fontspec)             Font family 'Eadui(36)' created for font 'Eadui' with
(fontspec)             options
(fontspec)             [Ligatures=TeX,Contextual=on,Ligatures=TeX,Renderer=Harf
buzz,StylisticSet=17,Alternate=0].
(fontspec)              
(fontspec)              This font family consists of the following NFSS
(fontspec)             series/shapes:
(fontspec)              
(fontspec)             - 'normal' (m/n) with NFSS spec.:
(fontspec)             <->"name:Eadui:mode=harf;script=latn;language=dflt;+calt
;+tlig;+ss17;+salt=0;"
(fontspec)             - 'small caps'  (m/sc) with NFSS spec.:
(fontspec)             <->"name:Eadui:mode=harf;script=latn;language=dflt;+calt
;+tlig;+ss17;+salt=0;+smcp;"

Package lettrine.sty Info: Targeted height = 34.31657pt
(lettrine.sty)             (for loversize=0, accent excluded),
(lettrine.sty)             Lettrine height = 32.94629pt ({\addfontfeature {Styl
isticSet=17}I}\kern +5pt) loversize=0.1;
(lettrine.sty)             reported on input line 291.
Package lettrine.sty Info: Targeted height = 34.31657pt
(lettrine.sty)             (for loversize=0, accent excluded),
(lettrine.sty)             Lettrine height = 34.10123pt ({\addfontfeature {Styl
isticSet=19}C}) loversize=0.1;
(lettrine.sty)             reported on input line 297.
Package lettrine.sty Info: Targeted height = 34.31657pt
(lettrine.sty)             (for loversize=0, accent excluded),
(lettrine.sty)             Lettrine height = 34.10123pt ({\addfontfeature {Styl
isticSet=20}C}) loversize=0.1;
(lettrine.sty)             reported on input line 303.


File: blank_ms_page_1-bright.jpg Graphic file (type jpg)
<use blank_ms_page_1-bright.jpg>
Package luatex.def Info: blank_ms_page_1-bright.jpg  used on input line 308.
(luatex.def)             Requested size: 505.14368pt x 715.50095pt.
[6]

Package fontspec Info: 
(fontspec)             Could not resolve font "Eadui/BI" (it probably doesn't
(fontspec)             exist).


Package fontspec Info: 
(fontspec)             Could not resolve font "Eadui/B" (it probably doesn't
(fontspec)             exist).


Package fontspec Info: 
(fontspec)             Could not resolve font "Eadui/I" (it probably doesn't
(fontspec)             exist).


Package fontspec Info: 
(fontspec)             Font family 'Eadui(37)' created for font 'Eadui' with
(fontspec)             options
(fontspec)             [Ligatures=TeX,Contextual=on,Ligatures=TeX,Renderer=Harf
buzz,Language=Polish,StylisticSet=13].
(fontspec)              
(fontspec)              This font family consists of the following NFSS
(fontspec)             series/shapes:
(fontspec)              
(fontspec)             - 'normal' (m/n) with NFSS spec.:
(fontspec)             <->"name:Eadui:mode=harf;script=latn;language=PLK;+calt;
+tlig;+ss13;"
(fontspec)             - 'small caps'  (m/sc) with NFSS spec.:
(fontspec)             <->"name:Eadui:mode=harf;script=latn;language=PLK;+calt;
+tlig;+ss13;+smcp;"


Package fontspec Info: 
(fontspec)             Could not resolve font "Eadui/BI" (it probably doesn't
(fontspec)             exist).


Package fontspec Info: 
(fontspec)             Could not resolve font "Eadui/B" (it probably doesn't
(fontspec)             exist).


Package fontspec Info: 
(fontspec)             Could not resolve font "Eadui/I" (it probably doesn't
(fontspec)             exist).


Package fontspec Info: 
(fontspec)             Font family 'Eadui(38)' created for font 'Eadui' with
(fontspec)             options
(fontspec)             [Ligatures=TeX,Contextual=on,Ligatures=TeX,Renderer=Harf
buzz,Language=Polish,StylisticSet=13,StylisticSet=17].
(fontspec)              
(fontspec)              This font family consists of the following NFSS
(fontspec)             series/shapes:
(fontspec)              
(fontspec)             - 'normal' (m/n) with NFSS spec.:
(fontspec)             <->"name:Eadui:mode=harf;script=latn;language=PLK;+calt;
+tlig;+ss13;+ss17;"
(fontspec)             - 'small caps'  (m/sc) with NFSS spec.:
(fontspec)             <->"name:Eadui:mode=harf;script=latn;language=PLK;+calt;
+tlig;+ss13;+ss17;+smcp;"


Package fontspec Info: 
(fontspec)             Could not resolve font "Eadui/BI" (it probably doesn't
(fontspec)             exist).


Package fontspec Info: 
(fontspec)             Could not resolve font "Eadui/B" (it probably doesn't
(fontspec)             exist).


Package fontspec Info: 
(fontspec)             Could not resolve font "Eadui/I" (it probably doesn't
(fontspec)             exist).


Package fontspec Info: 
(fontspec)             Font family 'Eadui(39)' created for font 'Eadui' with
(fontspec)             options
(fontspec)             [Ligatures=TeX,Contextual=on,Ligatures=TeX,Renderer=Harf
buzz,Language=Polish,StylisticSet=13,StylisticSet=18].
(fontspec)              
(fontspec)              This font family consists of the following NFSS
(fontspec)             series/shapes:
(fontspec)              
(fontspec)             - 'normal' (m/n) with NFSS spec.:
(fontspec)             <->"name:Eadui:mode=harf;script=latn;language=PLK;+calt;
+tlig;+ss13;+ss18;"
(fontspec)             - 'small caps'  (m/sc) with NFSS spec.:
(fontspec)             <->"name:Eadui:mode=harf;script=latn;language=PLK;+calt;
+tlig;+ss13;+ss18;+smcp;"

Package lettrine.sty Info: Targeted height = 60.3164pt
(lettrine.sty)             (for loversize=0, accent excluded),
(lettrine.sty)             Lettrine height = 57.58742pt ({\addfontfeature {Styl
isticSet=17}B}) loversize=0.1;
(lettrine.sty)             reported on input line 312.

Package fontspec Info: 
(fontspec)             Could not resolve font "Eadui/BI" (it probably doesn't
(fontspec)             exist).


Package fontspec Info: 
(fontspec)             Could not resolve font "Eadui/B" (it probably doesn't
(fontspec)             exist).


Package fontspec Info: 
(fontspec)             Could not resolve font "Eadui/I" (it probably doesn't
(fontspec)             exist).


Package fontspec Info: 
(fontspec)             Font family 'Eadui(40)' created for font 'Eadui' with
(fontspec)             options
(fontspec)             [Ligatures=TeX,Contextual=on,Ligatures=TeX,Renderer=Harf
buzz,Language=Polish,StylisticSet=13,StylisticSet=19].
(fontspec)              
(fontspec)              This font family consists of the following NFSS
(fontspec)             series/shapes:
(fontspec)              
(fontspec)             - 'normal' (m/n) with NFSS spec.:
(fontspec)             <->"name:Eadui:mode=harf;script=latn;language=PLK;+calt;
+tlig;+ss13;+ss19;"
(fontspec)             - 'small caps'  (m/sc) with NFSS spec.:
(fontspec)             <->"name:Eadui:mode=harf;script=latn;language=PLK;+calt;
+tlig;+ss13;+ss19;+smcp;"

Package lettrine.sty Info: Targeted height = 34.31657pt
(lettrine.sty)             (for loversize=0, accent excluded),
(lettrine.sty)             Lettrine height = 34.28358pt ({\addfontfeature {Styl
isticSet=18}A}) loversize=0.1;
(lettrine.sty)             reported on input line 316.

Package fontspec Info: 
(fontspec)             Could not resolve font "Eadui/BI" (it probably doesn't
(fontspec)             exist).


Package fontspec Info: 
(fontspec)             Could not resolve font "Eadui/B" (it probably doesn't
(fontspec)             exist).


Package fontspec Info: 
(fontspec)             Could not resolve font "Eadui/I" (it probably doesn't
(fontspec)             exist).


Package fontspec Info: 
(fontspec)             Font family 'Eadui(41)' created for font 'Eadui' with
(fontspec)             options
(fontspec)             [Ligatures=TeX,Contextual=on,Ligatures=TeX,Renderer=Harf
buzz,Language=Polish,StylisticSet=13,StylisticSet=1].
(fontspec)              
(fontspec)              This font family consists of the following NFSS
(fontspec)             series/shapes:
(fontspec)              
(fontspec)             - 'normal' (m/n) with NFSS spec.:
(fontspec)             <->"name:Eadui:mode=harf;script=latn;language=PLK;+calt;
+tlig;+ss13;+ss01;"
(fontspec)             - 'small caps'  (m/sc) with NFSS spec.:
(fontspec)             <->"name:Eadui:mode=harf;script=latn;language=PLK;+calt;
+tlig;+ss13;+ss01;+smcp;"


Package fontspec Info: 
(fontspec)             Could not resolve font "Eadui/BI" (it probably doesn't
(fontspec)             exist).


Package fontspec Info: 
(fontspec)             Could not resolve font "Eadui/B" (it probably doesn't
(fontspec)             exist).


Package fontspec Info: 
(fontspec)             Could not resolve font "Eadui/I" (it probably doesn't
(fontspec)             exist).


Package fontspec Info: 
(fontspec)             Font family 'Eadui(42)' created for font 'Eadui' with
(fontspec)             options
(fontspec)             [Ligatures=TeX,Contextual=on,Ligatures=TeX,Renderer=Harf
buzz,Language=Polish,StylisticSet=13,StylisticSet=20].
(fontspec)              
(fontspec)              This font family consists of the following NFSS
(fontspec)             series/shapes:
(fontspec)              
(fontspec)             - 'normal' (m/n) with NFSS spec.:
(fontspec)             <->"name:Eadui:mode=harf;script=latn;language=PLK;+calt;
+tlig;+ss13;+ss20;"
(fontspec)             - 'small caps'  (m/sc) with NFSS spec.:
(fontspec)             <->"name:Eadui:mode=harf;script=latn;language=PLK;+calt;
+tlig;+ss13;+ss20;+smcp;"

Package lettrine.sty Info: Targeted height = 34.31657pt
(lettrine.sty)             (for loversize=0, accent excluded),
(lettrine.sty)             Lettrine height = 34.28358pt ({\addfontfeature {Styl
isticSet=20}A}) loversize=0.1;
(lettrine.sty)             reported on input line 320.
Package lettrine.sty Info: Targeted height = 34.31657pt
(lettrine.sty)             (for loversize=0, accent excluded),
(lettrine.sty)             Lettrine height = 35.74246pt ({\addfontfeature {Styl
isticSet=19}L}) loversize=0.1;
(lettrine.sty)             reported on input line 324.
Package lettrine.sty Info: Targeted height = 34.31657pt
(lettrine.sty)             (for loversize=0, accent excluded),
(lettrine.sty)             Lettrine height = 33.12865pt ({\addfontfeature {Styl
isticSet=17}P}) loversize=0.1;
(lettrine.sty)             reported on input line 327.

Overfull \hbox (3.84985pt too wide) in paragraph at lines 327--329
\TU/Eadui(37)/m/n/20.74 ani grzesznicy w zgro-madze-niu spraw-iedli-
 []

Package lettrine.sty Info: Targeted height = 34.31657pt
(lettrine.sty)             (for loversize=0, accent excluded),
(lettrine.sty)             Lettrine height = 34.28358pt ({\addfontfeature {Styl
isticSet=20}A}) loversize=0.1;
(lettrine.sty)             reported on input line 330.

Package fontspec Info: 
(fontspec)             Could not resolve font "Eadui/BI" (it probably doesn't
(fontspec)             exist).


Package fontspec Info: 
(fontspec)             Could not resolve font "Eadui/B" (it probably doesn't
(fontspec)             exist).


Package fontspec Info: 
(fontspec)             Could not resolve font "Eadui/I" (it probably doesn't
(fontspec)             exist).


Package fontspec Info: 
(fontspec)             Font family 'Eadui(43)' created for font 'Eadui' with
(fontspec)             options
(fontspec)             [Ligatures=TeX,Contextual=on,Ligatures=TeX,Renderer=Harf
buzz,Language=Polish,StylisticSet=13,StylisticSet=2].
(fontspec)              
(fontspec)              This font family consists of the following NFSS
(fontspec)             series/shapes:
(fontspec)              
(fontspec)             - 'normal' (m/n) with NFSS spec.:
(fontspec)             <->"name:Eadui:mode=harf;script=latn;language=PLK;+calt;
+tlig;+ss13;+ss02;"
(fontspec)             - 'small caps'  (m/sc) with NFSS spec.:
(fontspec)             <->"name:Eadui:mode=harf;script=latn;language=PLK;+calt;
+tlig;+ss13;+ss02;+smcp;"



File: blank_ms_page_1-bright.jpg Graphic file (type jpg)
<use blank_ms_page_1-bright.jpg>
Package luatex.def Info: blank_ms_page_1-bright.jpg  used on input line 333.
(luatex.def)             Requested size: 505.14368pt x 715.50095pt.
[7]

Package fontspec Info: 
(fontspec)             Could not resolve font "Eadui/BI" (it probably doesn't
(fontspec)             exist).


Package fontspec Info: 
(fontspec)             Could not resolve font "Eadui/B" (it probably doesn't
(fontspec)             exist).


Package fontspec Info: 
(fontspec)             Could not resolve font "Eadui/I" (it probably doesn't
(fontspec)             exist).


Package fontspec Info: 
(fontspec)             Font family 'Eadui(44)' created for font 'Eadui' with
(fontspec)             options
(fontspec)             [Ligatures=TeX,Contextual=on,Ligatures=TeX,Renderer=Harf
buzz,StylisticSet=5].
(fontspec)              
(fontspec)              This font family consists of the following NFSS
(fontspec)             series/shapes:
(fontspec)              
(fontspec)             - 'normal' (m/n) with NFSS spec.:
(fontspec)             <->"name:Eadui:mode=harf;script=latn;language=dflt;+calt
;+tlig;+ss05;"
(fontspec)             - 'small caps'  (m/sc) with NFSS spec.:
(fontspec)             <->"name:Eadui:mode=harf;script=latn;language=dflt;+calt
;+tlig;+ss05;+smcp;"

Package lettrine.sty Info: Targeted height = 34.31657pt
(lettrine.sty)             (for loversize=0, accent excluded),
(lettrine.sty)             Lettrine height = 33.85808pt ({\addfontfeatures {Alt
ernate=0}{{\addfontfeature {StylisticSet=17}D}}}) loversize=0.1;
(lettrine.sty)             reported on input line 336.

Package fontspec Info: 
(fontspec)             Could not resolve font "Eadui/BI" (it probably doesn't
(fontspec)             exist).


Package fontspec Info: 
(fontspec)             Could not resolve font "Eadui/B" (it probably doesn't
(fontspec)             exist).


Package fontspec Info: 
(fontspec)             Could not resolve font "Eadui/I" (it probably doesn't
(fontspec)             exist).


Package fontspec Info: 
(fontspec)             Font family 'Eadui(45)' created for font 'Eadui' with
(fontspec)             options
(fontspec)             [Ligatures=TeX,Contextual=on,Ligatures=TeX,Renderer=Harf
buzz,StylisticSet=2].
(fontspec)              
(fontspec)              This font family consists of the following NFSS
(fontspec)             series/shapes:
(fontspec)              
(fontspec)             - 'normal' (m/n) with NFSS spec.:
(fontspec)             <->"name:Eadui:mode=harf;script=latn;language=dflt;+calt
;+tlig;+ss02;"
(fontspec)             - 'small caps'  (m/sc) with NFSS spec.:
(fontspec)             <->"name:Eadui:mode=harf;script=latn;language=dflt;+calt
;+tlig;+ss02;+smcp;"


Package fontspec Info: 
(fontspec)             Could not resolve font "Eadui/BI" (it probably doesn't
(fontspec)             exist).


Package fontspec Info: 
(fontspec)             Could not resolve font "Eadui/B" (it probably doesn't
(fontspec)             exist).


Package fontspec Info: 
(fontspec)             Could not resolve font "Eadui/I" (it probably doesn't
(fontspec)             exist).


Package fontspec Info: 
(fontspec)             Font family 'Eadui(46)' created for font 'Eadui' with
(fontspec)             options
(fontspec)             [Ligatures=TeX,Contextual=on,Ligatures=TeX,Renderer=Harf
buzz,StylisticSet=2,Alternate=0].
(fontspec)              
(fontspec)              This font family consists of the following NFSS
(fontspec)             series/shapes:
(fontspec)              
(fontspec)             - 'normal' (m/n) with NFSS spec.:
(fontspec)             <->"name:Eadui:mode=harf;script=latn;language=dflt;+calt
;+tlig;+ss02;+salt=0;"
(fontspec)             - 'small caps'  (m/sc) with NFSS spec.:
(fontspec)             <->"name:Eadui:mode=harf;script=latn;language=dflt;+calt
;+tlig;+ss02;+salt=0;+smcp;"


Package fontspec Info: 
(fontspec)             Could not resolve font "Eadui/BI" (it probably doesn't
(fontspec)             exist).


Package fontspec Info: 
(fontspec)             Could not resolve font "Eadui/B" (it probably doesn't
(fontspec)             exist).


Package fontspec Info: 
(fontspec)             Could not resolve font "Eadui/I" (it probably doesn't
(fontspec)             exist).


Package fontspec Info: 
(fontspec)             Font family 'Eadui(47)' created for font 'Eadui' with
(fontspec)             options
(fontspec)             [Ligatures=TeX,Contextual=on,Ligatures=TeX,Renderer=Harf
buzz,StylisticSet=18,Alternate=0].
(fontspec)              
(fontspec)              This font family consists of the following NFSS
(fontspec)             series/shapes:
(fontspec)              
(fontspec)             - 'normal' (m/n) with NFSS spec.:
(fontspec)             <->"name:Eadui:mode=harf;script=latn;language=dflt;+calt
;+tlig;+ss18;+salt=0;"
(fontspec)             - 'small caps'  (m/sc) with NFSS spec.:
(fontspec)             <->"name:Eadui:mode=harf;script=latn;language=dflt;+calt
;+tlig;+ss18;+salt=0;+smcp;"

Package lettrine.sty Info: Targeted height = 34.31657pt
(lettrine.sty)             (for loversize=0, accent excluded),
(lettrine.sty)             Lettrine height = 34.52673pt ({\addfontfeature {Styl
isticSet=18}{\addfontfeatures {Alternate=0}{E}}}) loversize=0.1;
(lettrine.sty)             reported on input line 340.

Package fontspec Info: 
(fontspec)             Could not resolve font "Eadui/BI" (it probably doesn't
(fontspec)             exist).


Package fontspec Info: 
(fontspec)             Could not resolve font "Eadui/B" (it probably doesn't
(fontspec)             exist).


Package fontspec Info: 
(fontspec)             Could not resolve font "Eadui/I" (it probably doesn't
(fontspec)             exist).


Package fontspec Info: 
(fontspec)             Font family 'Eadui(48)' created for font 'Eadui' with
(fontspec)             options
(fontspec)             [Ligatures=TeX,Contextual=on,Ligatures=TeX,Renderer=Harf
buzz,StylisticSet=1].
(fontspec)              
(fontspec)              This font family consists of the following NFSS
(fontspec)             series/shapes:
(fontspec)              
(fontspec)             - 'normal' (m/n) with NFSS spec.:
(fontspec)             <->"name:Eadui:mode=harf;script=latn;language=dflt;+calt
;+tlig;+ss01;"
(fontspec)             - 'small caps'  (m/sc) with NFSS spec.:
(fontspec)             <->"name:Eadui:mode=harf;script=latn;language=dflt;+calt
;+tlig;+ss01;+smcp;"


Package fontspec Info: 
(fontspec)             Could not resolve font "Eadui/BI" (it probably doesn't
(fontspec)             exist).


Package fontspec Info: 
(fontspec)             Could not resolve font "Eadui/B" (it probably doesn't
(fontspec)             exist).


Package fontspec Info: 
(fontspec)             Could not resolve font "Eadui/I" (it probably doesn't
(fontspec)             exist).


Package fontspec Info: 
(fontspec)             Font family 'Eadui(49)' created for font 'Eadui' with
(fontspec)             options
(fontspec)             [Ligatures=TeX,Contextual=on,Ligatures=TeX,Renderer=Harf
buzz,StylisticSet=3].
(fontspec)              
(fontspec)              This font family consists of the following NFSS
(fontspec)             series/shapes:
(fontspec)              
(fontspec)             - 'normal' (m/n) with NFSS spec.:
(fontspec)             <->"name:Eadui:mode=harf;script=latn;language=dflt;+calt
;+tlig;+ss03;"
(fontspec)             - 'small caps'  (m/sc) with NFSS spec.:
(fontspec)             <->"name:Eadui:mode=harf;script=latn;language=dflt;+calt
;+tlig;+ss03;+smcp;"

Package lettrine.sty Info: Targeted height = 34.31657pt
(lettrine.sty)             (for loversize=0, accent excluded),
(lettrine.sty)             Lettrine height = 34.16202pt ({\addfontfeature {Styl
isticSet=19}E}) loversize=0.1;
(lettrine.sty)             reported on input line 344.

Package fontspec Info: 
(fontspec)             Could not resolve font "Eadui/BI" (it probably doesn't
(fontspec)             exist).


Package fontspec Info: 
(fontspec)             Could not resolve font "Eadui/B" (it probably doesn't
(fontspec)             exist).


Package fontspec Info: 
(fontspec)             Could not resolve font "Eadui/I" (it probably doesn't
(fontspec)             exist).


Package fontspec Info: 
(fontspec)             Font family 'Eadui(50)' created for font 'Eadui' with
(fontspec)             options
(fontspec)             [Ligatures=TeX,Contextual=on,Ligatures=TeX,Renderer=Harf
buzz,StylisticSet=4].
(fontspec)              
(fontspec)              This font family consists of the following NFSS
(fontspec)             series/shapes:
(fontspec)              
(fontspec)             - 'normal' (m/n) with NFSS spec.:
(fontspec)             <->"name:Eadui:mode=harf;script=latn;language=dflt;+calt
;+tlig;+ss04;"
(fontspec)             - 'small caps'  (m/sc) with NFSS spec.:
(fontspec)             <->"name:Eadui:mode=harf;script=latn;language=dflt;+calt
;+tlig;+ss04;+smcp;"


Overfull \hbox (9.5326pt too wide) in paragraph at lines 344--347
\TU/Eadui(0)/m/n/20.74 auf rechter \TU/Eadui(45)/m/n/20.74 Strae \TU/Eadui(0)
/m/n/20.74 um seines \TU/Eadui(49)/m/n/20.74 Na-mens \TU/Eadui(0)/m/n/20.74 will
en. 
 []

Package lettrine.sty Info: Targeted height = 34.31657pt
(lettrine.sty)             (for loversize=0, accent excluded),
(lettrine.sty)             Lettrine height = 33.79729pt ({\addfontfeature {Styl
isticSet=20}U}) loversize=0.1;
(lettrine.sty)             reported on input line 349.
Package lettrine.sty Info: Targeted height = 34.31657pt
(lettrine.sty)             (for loversize=0, accent excluded),
(lettrine.sty)             Lettrine height = 32.8855pt ({\addfontfeature {Styli
sticSet=18}D}) loversize=0.1;
(lettrine.sty)             reported on input line 354.

Package fontspec Info: 
(fontspec)             Could not resolve font "Eadui/BI" (it probably doesn't
(fontspec)             exist).


Package fontspec Info: 
(fontspec)             Could not resolve font "Eadui/B" (it probably doesn't
(fontspec)             exist).


Package fontspec Info: 
(fontspec)             Could not resolve font "Eadui/I" (it probably doesn't
(fontspec)             exist).


Package fontspec Info: 
(fontspec)             Font family 'Eadui(51)' created for font 'Eadui' with
(fontspec)             options
(fontspec)             [Ligatures=TeX,Contextual=on,Ligatures=TeX,Renderer=Harf
buzz,StylisticSet=3,Alternate=0].
(fontspec)              
(fontspec)              This font family consists of the following NFSS
(fontspec)             series/shapes:
(fontspec)              
(fontspec)             - 'normal' (m/n) with NFSS spec.:
(fontspec)             <->"name:Eadui:mode=harf;script=latn;language=dflt;+calt
;+tlig;+ss03;+salt=0;"
(fontspec)             - 'small caps'  (m/sc) with NFSS spec.:
(fontspec)             <->"name:Eadui:mode=harf;script=latn;language=dflt;+calt
;+tlig;+ss03;+salt=0;+smcp;"


Package fontspec Info: 
(fontspec)             Could not resolve font "Eadui/BI" (it probably doesn't
(fontspec)             exist).


Package fontspec Info: 
(fontspec)             Could not resolve font "Eadui/B" (it probably doesn't
(fontspec)             exist).


Package fontspec Info: 
(fontspec)             Could not resolve font "Eadui/I" (it probably doesn't
(fontspec)             exist).


Package fontspec Info: 
(fontspec)             Font family 'Eadui(52)' created for font 'Eadui' with
(fontspec)             options
(fontspec)             [Ligatures=TeX,Contextual=on,Ligatures=TeX,Renderer=Harf
buzz,StylisticSet=1,Alternate=0].
(fontspec)              
(fontspec)              This font family consists of the following NFSS
(fontspec)             series/shapes:
(fontspec)              
(fontspec)             - 'normal' (m/n) with NFSS spec.:
(fontspec)             <->"name:Eadui:mode=harf;script=latn;language=dflt;+calt
;+tlig;+ss01;+salt=0;"
(fontspec)             - 'small caps'  (m/sc) with NFSS spec.:
(fontspec)             <->"name:Eadui:mode=harf;script=latn;language=dflt;+calt
;+tlig;+ss01;+salt=0;+smcp;"

Package lettrine.sty Info: Targeted height = 34.31657pt
(lettrine.sty)             (for loversize=0, accent excluded),
(lettrine.sty)             Lettrine height = 33.12865pt ({\addfontfeature {Styl
isticSet=19}G}) loversize=0.1;
(lettrine.sty)             reported on input line 359.

Package fontspec Info: 
(fontspec)             Could not resolve font "Eadui/BI" (it probably doesn't
(fontspec)             exist).


Package fontspec Info: 
(fontspec)             Could not resolve font "Eadui/B" (it probably doesn't
(fontspec)             exist).


Package fontspec Info: 
(fontspec)             Could not resolve font "Eadui/I" (it probably doesn't
(fontspec)             exist).


Package fontspec Info: 
(fontspec)             Font family 'Eadui(53)' created for font 'Eadui' with
(fontspec)             options
(fontspec)             [Ligatures=TeX,Contextual=on,Ligatures=TeX,Renderer=Harf
buzz,StylisticSet=5,Alternate=0].
(fontspec)              
(fontspec)              This font family consists of the following NFSS
(fontspec)             series/shapes:
(fontspec)              
(fontspec)             - 'normal' (m/n) with NFSS spec.:
(fontspec)             <->"name:Eadui:mode=harf;script=latn;language=dflt;+calt
;+tlig;+ss05;+salt=0;"
(fontspec)             - 'small caps'  (m/sc) with NFSS spec.:
(fontspec)             <->"name:Eadui:mode=harf;script=latn;language=dflt;+calt
;+tlig;+ss05;+salt=0;+smcp;"


Package fontspec Info: 
(fontspec)             Could not resolve font "Eadui/BI" (it probably doesn't
(fontspec)             exist).


Package fontspec Info: 
(fontspec)             Could not resolve font "Eadui/B" (it probably doesn't
(fontspec)             exist).


Package fontspec Info: 
(fontspec)             Could not resolve font "Eadui/I" (it probably doesn't
(fontspec)             exist).


Package fontspec Info: 
(fontspec)             Font family 'Eadui(54)' created for font 'Eadui' with
(fontspec)             options
(fontspec)             [Ligatures=TeX,Contextual=on,Ligatures=TeX,Renderer=Harf
buzz,StylisticSet=5,Style=TitlingCaps,AltCaps=on].
(fontspec)              
(fontspec)              This font family consists of the following NFSS
(fontspec)             series/shapes:
(fontspec)              
(fontspec)             - 'normal' (m/n) with NFSS spec.:
(fontspec)             <->"name:Eadui:mode=harf;script=latn;language=dflt;+calt
;+tlig;+ss05;+titl;+ss12;"
(fontspec)             - 'small caps'  (m/sc) with NFSS spec.:
(fontspec)             <->"name:Eadui:mode=harf;script=latn;language=dflt;+calt
;+tlig;+ss05;+titl;+ss12;+smcp;"


Overfull \hbox (4.9905pt too wide) in paragraph at lines 359--362
\TU/Eadui(0)/m/n/20.74 gen mein \TU/Eadui(49)/m/n/20.74 Leben \TU/Eadui(0)/m/n/
20.74 lang, und ich werde bleiben
 []



File: blank_ms_page_1-bright.jpg Graphic file (type jpg)
<use blank_ms_page_1-bright.jpg>
Package luatex.def Info: blank_ms_page_1-bright.jpg  used on input line 363.
(luatex.def)             Requested size: 505.14368pt x 715.50095pt.
[8]
Underfull \hbox (badness 10000) in paragraph at lines 366--367

 []


LaTeX Font Warning: Font shape `TU/Eadui(0)/b/n' undefined
(Font)              using `TU/Eadui(0)/m/n' instead on input line 371.


LaTeX Font Warning: Font shape `TU/Irradiant-Regular.otf(1)/b/n' undefined
(Font)              using `TU/Irradiant-Regular.otf(1)/m/n' instead on input li
ne 371.


Overfull \hbox (2.80298pt too wide) in paragraph at lines 385--386
[]\TU/Irradiant-Regular.otf(0)/m/n/10.95 His-tor-i-cal forms. Sub-sti-tutes ar-c
haic for mod-ern glyph
 []


Overfull \hbox (2.14598pt too wide) in paragraph at lines 387--388
[]\TU/Irradiant-Regular.otf(0)/m/n/10.95 His-tor-i-cal lig-atures. Ar-chaic form
s of cer-tain lig-atures. 
 []



[9]
Underfull \hbox (badness 2088) in paragraph at lines 415--417
[]\TU/Irradiant-Regular.otf(0)/m/n/10.95 Al-ter-nate di-a-crit-ics. Sub-sti-tute
s al-ter-nate forms of
 []



[10]
Underfull \hbox (badness 10000) in paragraph at lines 434--435

 []

LaTeX Font Info:    External font `cmex10' loaded for size
(Font)              <10.95> on input line 449.
LaTeX Font Info:    External font `cmex10' loaded for size
(Font)              <8> on input line 449.


[11] (./Eadui_v3_specimen_and_guide.aux)
 ***********
LaTeX2e <2024-06-01> patch level 1
L3 programming layer <2024-05-27>
 ***********


LaTeX Font Warning: Some font shapes were not available, defaults substituted.

)

Here is how much of LuaTeX's memory you used:
 6145 strings out of 475931
 100000,1977958 words of node,token memory allocated
 565 words of node memory still in use:
   5 hlist, 1 vlist, 1 rule, 3 glue, 3 kern, 6 glyph, 11 attribute, 53 glue_spec
, 11 attribute_list, 1 write, 10 pdf_literal, 4 pdf_colorstack nodes
   avail lists: 2:416,3:5331,4:64,5:884,6:34,7:4194,8:2,9:282,10:8,11:263
 28665 multiletter control sequences out of 65536+600000
 221 fonts using 261012999 bytes
 79i,12n,119p,277b,480s stack positions out of 10000i,1000n,20000p,200000b,200000s
</Users/peterbaker/Library/Fonts/Irradiant-Regular.otf></Users/peterbaker/Librar
y/Fonts/Irradiant-Italic.otf></Users/peterbaker/Library/Fonts/Eadui.otf>
Output written on Eadui_v3_specimen_and_guide.pdf (11 pages, 487181 bytes).

PDF statistics: 62 PDF objects out of 1000 (max. 8388607)
 38 compressed objects within 1 object stream
 0 named destinations out of 1000 (max. 131072)
 1 words of extra memory for PDF output out of 10000 (max. 100000000)

